2020-07-23 14:16:23,572 INFO org.springframework.boot.StartupInfoLogger [main] Starting BlogApp on shiw-Vostro-3478 with PID 202472 (/home/shiw/IdeaProjects/deploy-projects/spring-boot-blog/target/classes started by shiw in /home/shiw/IdeaProjects/deploy-projects/spring-boot-blog)
2020-07-23 14:16:23,576 DEBUG org.springframework.boot.StartupInfoLogger [main] Running with Spring Boot v2.3.1.RELEASE, Spring v5.2.7.RELEASE
2020-07-23 14:16:23,576 INFO org.springframework.boot.SpringApplication [main] No active profile set, falling back to default profiles: default
2020-07-23 14:16:33,408 INFO org.springframework.boot.StartupInfoLogger [main] Started BlogApp in 11.758 seconds (JVM running for 13.893)
2020-07-23 14:17:32,454 INFO net.blog.post.controller.PostsController [http-nio-8082-exec-1] Sending URL is working
2020-07-23 14:17:32,456 INFO net.blog.post.controller.PostsController [http-nio-8082-exec-1] insert in home controller
2020-07-23 14:17:32,605 INFO net.blog.post.controller.PostsController [http-nio-8082-exec-1] after getting result from home controller
2020-07-23 14:17:32,606 INFO net.blog.post.controller.PostsController [http-nio-8082-exec-1] home controller work successfully
2020-07-23 14:17:32,606 INFO net.blog.post.controller.PostsController [http-nio-8082-exec-1] Before returning of results
2020-07-23 14:18:55,506 INFO org.springframework.boot.StartupInfoLogger [main] Starting BlogApp on shiw-Vostro-3478 with PID 203126 (/home/shiw/IdeaProjects/deploy-projects/spring-boot-blog/target/classes started by shiw in /home/shiw/IdeaProjects/deploy-projects/spring-boot-blog)
2020-07-23 14:18:55,507 DEBUG org.springframework.boot.StartupInfoLogger [main] Running with Spring Boot v2.3.1.RELEASE, Spring v5.2.7.RELEASE
2020-07-23 14:18:55,507 INFO org.springframework.boot.SpringApplication [main] No active profile set, falling back to default profiles: default
2020-07-23 14:18:57,813 INFO org.springframework.boot.StartupInfoLogger [main] Started BlogApp in 2.63 seconds (JVM running for 3.174)
2020-07-23 14:19:30,205 INFO net.blog.post.controller.PostsController [http-nio-8082-exec-2] Sending URL is working
2020-07-23 14:19:30,206 INFO net.blog.post.controller.PostsController [http-nio-8082-exec-2] insert in home controller
2020-07-23 14:19:30,262 INFO net.blog.post.controller.PostsController [http-nio-8082-exec-2] after getting result from home controller
2020-07-23 14:19:30,262 INFO net.blog.post.controller.PostsController [http-nio-8082-exec-2] home controller work successfully
2020-07-23 14:19:30,263 INFO net.blog.post.controller.PostsController [http-nio-8082-exec-2] Before returning of results
2020-07-23 14:20:24,140 INFO net.blog.post.controller.PostsController [http-nio-8082-exec-6] Sending URL is working
2020-07-23 14:20:24,140 INFO net.blog.post.controller.PostsController [http-nio-8082-exec-6] insert in home controller
2020-07-23 14:20:24,144 INFO net.blog.post.controller.PostsController [http-nio-8082-exec-6] after getting result from home controller
2020-07-23 14:20:24,144 INFO net.blog.post.controller.PostsController [http-nio-8082-exec-6] home controller work successfully
2020-07-23 14:20:24,144 INFO net.blog.post.controller.PostsController [http-nio-8082-exec-6] Before returning of results
2020-07-23 14:21:52,769 INFO org.springframework.boot.StartupInfoLogger [main] Starting BlogApp on shiw-Vostro-3478 with PID 205248 (/home/shiw/IdeaProjects/deploy-projects/spring-boot-blog/target/classes started by shiw in /home/shiw/IdeaProjects/deploy-projects/spring-boot-blog)
2020-07-23 14:21:52,771 DEBUG org.springframework.boot.StartupInfoLogger [main] Running with Spring Boot v2.3.1.RELEASE, Spring v5.2.7.RELEASE
2020-07-23 14:21:52,771 INFO org.springframework.boot.SpringApplication [main] No active profile set, falling back to default profiles: default
2020-07-23 14:23:56,645 INFO org.springframework.boot.StartupInfoLogger [main] Starting BlogApp on shiw-Vostro-3478 with PID 205643 (/home/shiw/IdeaProjects/deploy-projects/spring-boot-blog/target/classes started by shiw in /home/shiw/IdeaProjects/deploy-projects/spring-boot-blog)
2020-07-23 14:23:56,646 DEBUG org.springframework.boot.StartupInfoLogger [main] Running with Spring Boot v2.3.1.RELEASE, Spring v5.2.7.RELEASE
2020-07-23 14:23:56,647 INFO org.springframework.boot.SpringApplication [main] No active profile set, falling back to default profiles: default
2020-07-23 14:23:59,032 INFO org.springframework.boot.StartupInfoLogger [main] Started BlogApp in 2.753 seconds (JVM running for 3.232)
2020-07-23 14:24:17,372 INFO net.blog.post.controller.PostsController [http-nio-8082-exec-1] Sending URL is working
2020-07-23 14:24:17,373 INFO net.blog.post.controller.PostsController [http-nio-8082-exec-1] insert in home controller
2020-07-23 14:25:57,237 INFO org.springframework.boot.StartupInfoLogger [main] Starting BlogApp on shiw-Vostro-3478 with PID 206173 (/home/shiw/IdeaProjects/deploy-projects/spring-boot-blog/target/classes started by shiw in /home/shiw/IdeaProjects/deploy-projects/spring-boot-blog)
2020-07-23 14:25:57,238 DEBUG org.springframework.boot.StartupInfoLogger [main] Running with Spring Boot v2.3.1.RELEASE, Spring v5.2.7.RELEASE
2020-07-23 14:25:57,239 INFO org.springframework.boot.SpringApplication [main] No active profile set, falling back to default profiles: default
2020-07-23 14:26:00,343 INFO org.springframework.boot.StartupInfoLogger [main] Started BlogApp in 3.403 seconds (JVM running for 3.855)
2020-07-23 14:26:08,537 INFO net.blog.post.controller.PostsController [http-nio-8082-exec-1] Sending URL is working
2020-07-23 14:26:08,538 INFO net.blog.post.controller.PostsController [http-nio-8082-exec-1] insert in home controller
2020-07-23 14:26:08,571 INFO net.blog.post.controller.PostsController [http-nio-8082-exec-1] after getting result from home controller
2020-07-23 14:26:08,571 INFO net.blog.post.controller.PostsController [http-nio-8082-exec-1] home controller work successfully
2020-07-23 14:26:08,571 INFO net.blog.post.controller.PostsController [http-nio-8082-exec-1] Before returning of results
2020-07-23 14:26:52,720 INFO org.springframework.boot.StartupInfoLogger [main] Starting BlogApp on shiw-Vostro-3478 with PID 206578 (/home/shiw/IdeaProjects/deploy-projects/spring-boot-blog/target/classes started by shiw in /home/shiw/IdeaProjects/deploy-projects/spring-boot-blog)
2020-07-23 14:26:52,722 DEBUG org.springframework.boot.StartupInfoLogger [main] Running with Spring Boot v2.3.1.RELEASE, Spring v5.2.7.RELEASE
2020-07-23 14:26:52,722 INFO org.springframework.boot.SpringApplication [main] No active profile set, falling back to default profiles: default
2020-07-23 14:26:55,937 INFO org.springframework.boot.StartupInfoLogger [main] Started BlogApp in 3.492 seconds (JVM running for 4.018)
2020-07-23 14:27:02,042 INFO net.blog.post.controller.PostsController [http-nio-8082-exec-1] Sending URL is working
2020-07-23 14:27:02,043 INFO net.blog.post.controller.PostsController [http-nio-8082-exec-1] insert in home controller
2020-07-23 14:27:02,073 INFO net.blog.post.controller.PostsController [http-nio-8082-exec-1] after getting result from home controller
2020-07-23 14:27:02,073 INFO net.blog.post.controller.PostsController [http-nio-8082-exec-1] home controller work successfully
2020-07-23 14:27:02,073 INFO net.blog.post.controller.PostsController [http-nio-8082-exec-1] Before returning of results
2020-07-23 14:27:39,260 INFO org.springframework.boot.StartupInfoLogger [main] Starting BlogApp on shiw-Vostro-3478 with PID 206896 (/home/shiw/IdeaProjects/deploy-projects/spring-boot-blog/target/classes started by shiw in /home/shiw/IdeaProjects/deploy-projects/spring-boot-blog)
2020-07-23 14:27:39,261 DEBUG org.springframework.boot.StartupInfoLogger [main] Running with Spring Boot v2.3.1.RELEASE, Spring v5.2.7.RELEASE
2020-07-23 14:27:39,261 INFO org.springframework.boot.SpringApplication [main] No active profile set, falling back to default profiles: default
2020-07-23 14:27:41,651 INFO org.springframework.boot.StartupInfoLogger [main] Started BlogApp in 2.695 seconds (JVM running for 3.166)
2020-07-23 14:28:17,548 INFO net.blog.post.controller.PostsController [http-nio-8082-exec-1] Sending URL is working
2020-07-23 14:28:17,549 INFO net.blog.post.controller.PostsController [http-nio-8082-exec-1] insert in home controller
2020-07-23 14:28:17,578 INFO net.blog.post.controller.PostsController [http-nio-8082-exec-1] after getting result from home controller
2020-07-23 14:28:17,579 INFO net.blog.post.controller.PostsController [http-nio-8082-exec-1] home controller work successfully
2020-07-23 14:28:17,579 INFO net.blog.post.controller.PostsController [http-nio-8082-exec-1] Before returning of results
2020-07-23 14:28:53,976 INFO net.blog.post.controller.PostsController [http-nio-8082-exec-6] Sending URL is working
2020-07-23 14:28:53,976 INFO net.blog.post.controller.PostsController [http-nio-8082-exec-6] insert in home controller
2020-07-23 14:28:53,978 INFO net.blog.post.controller.PostsController [http-nio-8082-exec-6] after getting result from home controller
2020-07-23 14:28:53,978 INFO net.blog.post.controller.PostsController [http-nio-8082-exec-6] home controller work successfully
2020-07-23 14:28:53,978 INFO net.blog.post.controller.PostsController [http-nio-8082-exec-6] Before returning of results
2020-07-23 14:29:17,672 INFO net.blog.post.controller.PostsController [http-nio-8082-exec-10] Sending URL is working
2020-07-23 14:29:17,673 INFO net.blog.post.controller.PostsController [http-nio-8082-exec-10] insert in home controller
2020-07-23 14:29:17,676 INFO net.blog.post.controller.PostsController [http-nio-8082-exec-10] after getting result from home controller
2020-07-23 14:29:17,677 INFO net.blog.post.controller.PostsController [http-nio-8082-exec-10] home controller work successfully
2020-07-23 14:29:17,677 INFO net.blog.post.controller.PostsController [http-nio-8082-exec-10] Before returning of results
2020-07-23 14:31:36,528 INFO net.blog.post.controller.PostsController [http-nio-8082-exec-5] Sending URL is working
2020-07-23 14:31:36,528 INFO net.blog.post.controller.PostsController [http-nio-8082-exec-5] insert in home controller
2020-07-23 14:31:36,539 INFO net.blog.post.controller.PostsController [http-nio-8082-exec-5] after getting result from home controller
2020-07-23 14:31:36,539 INFO net.blog.post.controller.PostsController [http-nio-8082-exec-5] home controller work successfully
2020-07-23 14:31:36,539 INFO net.blog.post.controller.PostsController [http-nio-8082-exec-5] Before returning of results
2020-07-23 14:35:34,918 INFO net.blog.post.controller.PostsController [http-nio-8082-exec-10] Sending URL is working
2020-07-23 14:35:34,918 INFO net.blog.post.controller.PostsController [http-nio-8082-exec-10] insert in home controller
2020-07-23 14:35:34,925 INFO net.blog.post.controller.PostsController [http-nio-8082-exec-10] after getting result from home controller
2020-07-23 14:35:34,926 INFO net.blog.post.controller.PostsController [http-nio-8082-exec-10] home controller work successfully
2020-07-23 14:35:34,926 INFO net.blog.post.controller.PostsController [http-nio-8082-exec-10] Before returning of results
2020-07-23 14:35:44,630 INFO net.blog.post.controller.PostsController [http-nio-8082-exec-3] Sending URL is working
2020-07-23 14:35:44,630 INFO net.blog.post.controller.PostsController [http-nio-8082-exec-3] insert in home controller
2020-07-23 14:35:44,633 INFO net.blog.post.controller.PostsController [http-nio-8082-exec-3] after getting result from home controller
2020-07-23 14:35:44,633 INFO net.blog.post.controller.PostsController [http-nio-8082-exec-3] home controller work successfully
2020-07-23 14:35:44,633 INFO net.blog.post.controller.PostsController [http-nio-8082-exec-3] Before returning of results
2020-07-23 14:39:58,722 INFO org.springframework.boot.StartupInfoLogger [main] Starting BlogApp on shiw-Vostro-3478 with PID 207986 (/home/shiw/IdeaProjects/deploy-projects/spring-boot-blog/target/classes started by shiw in /home/shiw/IdeaProjects/deploy-projects/spring-boot-blog)
2020-07-23 14:39:58,723 DEBUG org.springframework.boot.StartupInfoLogger [main] Running with Spring Boot v2.3.1.RELEASE, Spring v5.2.7.RELEASE
2020-07-23 14:39:58,724 INFO org.springframework.boot.SpringApplication [main] No active profile set, falling back to default profiles: default
2020-07-23 14:40:01,036 INFO org.springframework.boot.StartupInfoLogger [main] Started BlogApp in 2.627 seconds (JVM running for 3.11)
2020-07-23 14:40:17,046 INFO net.blog.post.controller.PostsController [http-nio-8082-exec-1] Sending URL is working
2020-07-23 14:40:17,047 INFO net.blog.post.controller.PostsController [http-nio-8082-exec-1] insert in home controller
2020-07-23 14:40:17,094 INFO net.blog.post.controller.PostsController [http-nio-8082-exec-1] after getting result from home controller
2020-07-23 14:40:17,094 INFO net.blog.post.controller.PostsController [http-nio-8082-exec-1] home controller work successfully
2020-07-23 14:40:17,094 INFO net.blog.post.controller.PostsController [http-nio-8082-exec-1] Before returning of results
2020-07-23 14:40:31,748 INFO net.blog.post.controller.PostsController [http-nio-8082-exec-4] Sending URL is working
2020-07-23 14:40:31,749 INFO net.blog.post.controller.PostsController [http-nio-8082-exec-4] insert in home controller
2020-07-23 14:40:31,753 INFO net.blog.post.controller.PostsController [http-nio-8082-exec-4] after getting result from home controller
2020-07-23 14:40:31,753 INFO net.blog.post.controller.PostsController [http-nio-8082-exec-4] home controller work successfully
2020-07-23 14:40:31,753 INFO net.blog.post.controller.PostsController [http-nio-8082-exec-4] Before returning of results
2020-07-23 14:40:48,757 INFO net.blog.post.controller.PostsController [http-nio-8082-exec-7] Sending URL is working
2020-07-23 14:40:48,759 INFO net.blog.post.controller.PostsController [http-nio-8082-exec-7] insert in home controller
2020-07-23 14:40:48,774 INFO net.blog.post.controller.PostsController [http-nio-8082-exec-7] after getting result from home controller
2020-07-23 14:40:48,775 INFO net.blog.post.controller.PostsController [http-nio-8082-exec-7] home controller work successfully
2020-07-23 14:40:48,776 INFO net.blog.post.controller.PostsController [http-nio-8082-exec-7] Before returning of results
2020-07-23 14:45:09,585 INFO org.springframework.boot.StartupInfoLogger [main] Starting BlogApp on shiw-Vostro-3478 with PID 208425 (/home/shiw/IdeaProjects/deploy-projects/spring-boot-blog/target/classes started by shiw in /home/shiw/IdeaProjects/deploy-projects/spring-boot-blog)
2020-07-23 14:45:09,587 DEBUG org.springframework.boot.StartupInfoLogger [main] Running with Spring Boot v2.3.1.RELEASE, Spring v5.2.7.RELEASE
2020-07-23 14:45:09,587 INFO org.springframework.boot.SpringApplication [main] No active profile set, falling back to default profiles: default
2020-07-23 14:45:11,945 INFO org.springframework.boot.StartupInfoLogger [main] Started BlogApp in 2.641 seconds (JVM running for 3.085)
2020-07-23 14:45:23,127 INFO net.blog.post.controller.PostsController [http-nio-8082-exec-1] Sending URL is working
2020-07-23 14:45:23,128 INFO net.blog.post.controller.PostsController [http-nio-8082-exec-1] insert in home controller
2020-07-23 14:45:23,176 INFO net.blog.post.controller.PostsController [http-nio-8082-exec-1] after getting result from home controller
2020-07-23 14:45:23,176 INFO net.blog.post.controller.PostsController [http-nio-8082-exec-1] home controller work successfully
2020-07-23 14:45:23,176 INFO net.blog.post.controller.PostsController [http-nio-8082-exec-1] Before returning of results
2020-07-23 14:45:29,845 INFO net.blog.post.controller.PostsController [http-nio-8082-exec-2] Sending URL is working
2020-07-23 14:45:29,845 INFO net.blog.post.controller.PostsController [http-nio-8082-exec-2] insert in home controller
2020-07-23 14:45:29,851 INFO net.blog.post.controller.PostsController [http-nio-8082-exec-2] after getting result from home controller
2020-07-23 14:45:29,851 INFO net.blog.post.controller.PostsController [http-nio-8082-exec-2] home controller work successfully
2020-07-23 14:45:29,852 INFO net.blog.post.controller.PostsController [http-nio-8082-exec-2] Before returning of results
2020-07-23 14:45:32,366 INFO net.blog.post.controller.PostsController [http-nio-8082-exec-3] Sending URL is working
2020-07-23 14:45:32,366 INFO net.blog.post.controller.PostsController [http-nio-8082-exec-3] insert in home controller
2020-07-23 14:45:32,372 INFO net.blog.post.controller.PostsController [http-nio-8082-exec-3] after getting result from home controller
2020-07-23 14:45:32,373 INFO net.blog.post.controller.PostsController [http-nio-8082-exec-3] home controller work successfully
2020-07-23 14:45:32,373 INFO net.blog.post.controller.PostsController [http-nio-8082-exec-3] Before returning of results
2020-07-23 14:45:34,194 INFO net.blog.post.controller.PostsController [http-nio-8082-exec-4] Sending URL is working
2020-07-23 14:45:34,195 INFO net.blog.post.controller.PostsController [http-nio-8082-exec-4] insert in home controller
2020-07-23 14:45:34,203 INFO net.blog.post.controller.PostsController [http-nio-8082-exec-4] after getting result from home controller
2020-07-23 14:45:34,204 INFO net.blog.post.controller.PostsController [http-nio-8082-exec-4] home controller work successfully
2020-07-23 14:45:34,204 INFO net.blog.post.controller.PostsController [http-nio-8082-exec-4] Before returning of results
2020-07-23 14:45:39,119 INFO net.blog.post.controller.PostsController [http-nio-8082-exec-6] Sending URL is working
2020-07-23 14:45:39,121 INFO net.blog.post.controller.PostsController [http-nio-8082-exec-6] insert in home controller
2020-07-23 14:45:39,134 INFO net.blog.post.controller.PostsController [http-nio-8082-exec-6] after getting result from home controller
2020-07-23 14:45:39,135 INFO net.blog.post.controller.PostsController [http-nio-8082-exec-6] home controller work successfully
2020-07-23 14:45:39,135 INFO net.blog.post.controller.PostsController [http-nio-8082-exec-6] Before returning of results
2020-07-23 14:45:45,413 INFO net.blog.post.controller.PostsController [http-nio-8082-exec-7] Sending URL is working
2020-07-23 14:45:45,414 INFO net.blog.post.controller.PostsController [http-nio-8082-exec-7] insert in home controller
2020-07-23 14:45:45,423 INFO net.blog.post.controller.PostsController [http-nio-8082-exec-7] after getting result from home controller
2020-07-23 14:45:45,423 INFO net.blog.post.controller.PostsController [http-nio-8082-exec-7] home controller work successfully
2020-07-23 14:45:45,423 INFO net.blog.post.controller.PostsController [http-nio-8082-exec-7] Before returning of results
2020-07-23 14:46:13,342 INFO org.springframework.boot.StartupInfoLogger [main] Starting BlogApp on shiw-Vostro-3478 with PID 208792 (/home/shiw/IdeaProjects/deploy-projects/spring-boot-blog/target/classes started by shiw in /home/shiw/IdeaProjects/deploy-projects/spring-boot-blog)
2020-07-23 14:46:13,343 DEBUG org.springframework.boot.StartupInfoLogger [main] Running with Spring Boot v2.3.1.RELEASE, Spring v5.2.7.RELEASE
2020-07-23 14:46:13,344 INFO org.springframework.boot.SpringApplication [main] No active profile set, falling back to default profiles: default
2020-07-23 14:46:15,675 INFO org.springframework.boot.StartupInfoLogger [main] Started BlogApp in 2.618 seconds (JVM running for 3.056)
2020-07-23 14:46:21,048 INFO net.blog.post.controller.PostsController [http-nio-8082-exec-1] Sending URL is working
2020-07-23 14:46:21,049 INFO net.blog.post.controller.PostsController [http-nio-8082-exec-1] insert in home controller
2020-07-23 14:46:21,096 INFO net.blog.post.controller.PostsController [http-nio-8082-exec-1] after getting result from home controller
2020-07-23 14:46:21,097 INFO net.blog.post.controller.PostsController [http-nio-8082-exec-1] home controller work successfully
2020-07-23 14:46:21,097 INFO net.blog.post.controller.PostsController [http-nio-8082-exec-1] Before returning of results
2020-07-23 14:46:24,221 INFO net.blog.post.controller.PostsController [http-nio-8082-exec-2] Sending URL is working
2020-07-23 14:46:24,222 INFO net.blog.post.controller.PostsController [http-nio-8082-exec-2] insert in home controller
2020-07-23 14:46:24,230 INFO net.blog.post.controller.PostsController [http-nio-8082-exec-2] after getting result from home controller
2020-07-23 14:46:24,231 INFO net.blog.post.controller.PostsController [http-nio-8082-exec-2] home controller work successfully
2020-07-23 14:46:24,231 INFO net.blog.post.controller.PostsController [http-nio-8082-exec-2] Before returning of results
2020-07-23 14:46:25,727 INFO net.blog.post.controller.PostsController [http-nio-8082-exec-3] Sending URL is working
2020-07-23 14:46:25,728 INFO net.blog.post.controller.PostsController [http-nio-8082-exec-3] insert in home controller
2020-07-23 14:46:25,737 INFO net.blog.post.controller.PostsController [http-nio-8082-exec-3] after getting result from home controller
2020-07-23 14:46:25,737 INFO net.blog.post.controller.PostsController [http-nio-8082-exec-3] home controller work successfully
2020-07-23 14:46:25,738 INFO net.blog.post.controller.PostsController [http-nio-8082-exec-3] Before returning of results
2020-07-23 14:46:54,966 INFO org.springframework.boot.StartupInfoLogger [main] Starting BlogApp on shiw-Vostro-3478 with PID 209150 (/home/shiw/IdeaProjects/deploy-projects/spring-boot-blog/target/classes started by shiw in /home/shiw/IdeaProjects/deploy-projects/spring-boot-blog)
2020-07-23 14:46:54,967 DEBUG org.springframework.boot.StartupInfoLogger [main] Running with Spring Boot v2.3.1.RELEASE, Spring v5.2.7.RELEASE
2020-07-23 14:46:54,968 INFO org.springframework.boot.SpringApplication [main] No active profile set, falling back to default profiles: default
2020-07-23 14:46:57,349 INFO org.springframework.boot.StartupInfoLogger [main] Started BlogApp in 2.691 seconds (JVM running for 3.158)
2020-07-23 14:46:59,007 INFO net.blog.post.controller.PostsController [http-nio-8082-exec-1] Sending URL is working
2020-07-23 14:46:59,008 INFO net.blog.post.controller.PostsController [http-nio-8082-exec-1] insert in home controller
2020-07-23 14:46:59,058 INFO net.blog.post.controller.PostsController [http-nio-8082-exec-1] after getting result from home controller
2020-07-23 14:46:59,059 INFO net.blog.post.controller.PostsController [http-nio-8082-exec-1] home controller work successfully
2020-07-23 14:46:59,059 INFO net.blog.post.controller.PostsController [http-nio-8082-exec-1] Before returning of results
2020-07-23 14:47:04,437 INFO net.blog.post.controller.PostsController [http-nio-8082-exec-4] Sending URL is working
2020-07-23 14:47:04,438 INFO net.blog.post.controller.PostsController [http-nio-8082-exec-4] insert in home controller
2020-07-23 14:47:04,441 INFO net.blog.post.controller.PostsController [http-nio-8082-exec-4] after getting result from home controller
2020-07-23 14:47:04,442 INFO net.blog.post.controller.PostsController [http-nio-8082-exec-4] home controller work successfully
2020-07-23 14:47:04,442 INFO net.blog.post.controller.PostsController [http-nio-8082-exec-4] Before returning of results
2020-07-23 14:49:29,967 INFO org.springframework.boot.StartupInfoLogger [main] Starting BlogApp on shiw-Vostro-3478 with PID 209549 (/home/shiw/IdeaProjects/deploy-projects/spring-boot-blog/target/classes started by shiw in /home/shiw/IdeaProjects/deploy-projects/spring-boot-blog)
2020-07-23 14:49:29,969 DEBUG org.springframework.boot.StartupInfoLogger [main] Running with Spring Boot v2.3.1.RELEASE, Spring v5.2.7.RELEASE
2020-07-23 14:49:29,969 INFO org.springframework.boot.SpringApplication [main] No active profile set, falling back to default profiles: default
2020-07-23 14:49:32,376 INFO org.springframework.boot.StartupInfoLogger [main] Started BlogApp in 2.708 seconds (JVM running for 3.224)
2020-07-23 14:51:23,983 INFO org.springframework.boot.StartupInfoLogger [main] Starting BlogApp on shiw-Vostro-3478 with PID 209950 (/home/shiw/IdeaProjects/deploy-projects/spring-boot-blog/target/classes started by shiw in /home/shiw/IdeaProjects/deploy-projects/spring-boot-blog)
2020-07-23 14:51:23,984 DEBUG org.springframework.boot.StartupInfoLogger [main] Running with Spring Boot v2.3.1.RELEASE, Spring v5.2.7.RELEASE
2020-07-23 14:51:23,985 INFO org.springframework.boot.SpringApplication [main] No active profile set, falling back to default profiles: default
2020-07-23 14:51:26,415 INFO org.springframework.boot.StartupInfoLogger [main] Started BlogApp in 2.713 seconds (JVM running for 3.157)
2020-07-23 14:51:29,532 INFO net.blog.post.controller.PostsController [http-nio-8082-exec-1] Sending URL is working
2020-07-23 14:51:29,533 INFO net.blog.post.controller.PostsController [http-nio-8082-exec-1] insert in home controller
2020-07-23 14:51:29,580 INFO net.blog.post.controller.PostsController [http-nio-8082-exec-1] after getting result from home controller
2020-07-23 14:51:29,580 INFO net.blog.post.controller.PostsController [http-nio-8082-exec-1] home controller work successfully
2020-07-23 14:51:29,581 INFO net.blog.post.controller.PostsController [http-nio-8082-exec-1] Before returning of results
2020-07-23 14:52:36,606 INFO org.springframework.boot.StartupInfoLogger [main] Starting BlogApp on shiw-Vostro-3478 with PID 210272 (/home/shiw/IdeaProjects/deploy-projects/spring-boot-blog/target/classes started by shiw in /home/shiw/IdeaProjects/deploy-projects/spring-boot-blog)
2020-07-23 14:52:36,607 DEBUG org.springframework.boot.StartupInfoLogger [main] Running with Spring Boot v2.3.1.RELEASE, Spring v5.2.7.RELEASE
2020-07-23 14:52:36,608 INFO org.springframework.boot.SpringApplication [main] No active profile set, falling back to default profiles: default
2020-07-23 14:52:39,186 INFO org.springframework.boot.StartupInfoLogger [main] Started BlogApp in 2.882 seconds (JVM running for 3.399)
2020-07-23 14:52:42,286 INFO net.blog.post.controller.PostsController [http-nio-8082-exec-1] Sending URL is working
2020-07-23 14:52:42,287 INFO net.blog.post.controller.PostsController [http-nio-8082-exec-1] insert in home controller
2020-07-23 14:52:42,337 INFO net.blog.post.controller.PostsController [http-nio-8082-exec-1] after getting result from home controller
2020-07-23 14:52:42,337 INFO net.blog.post.controller.PostsController [http-nio-8082-exec-1] home controller work successfully
2020-07-23 14:52:42,337 INFO net.blog.post.controller.PostsController [http-nio-8082-exec-1] Before returning of results
