2020-01-05 12:08:06,990 INFO org.springframework.boot.StartupInfoLogger [main] Starting BlogApp on shiw-Vostro-3478 with PID 10134 (/home/shiw/IdeaProjects/demoBlog**/target/classes started by shiw in /home/shiw/IdeaProjects/demoBlog**)
2020-01-05 12:08:07,051 DEBUG org.springframework.boot.StartupInfoLogger [main] Running with Spring Boot v2.2.2.RELEASE, Spring v5.2.2.RELEASE
2020-01-05 12:08:07,052 INFO org.springframework.boot.SpringApplication [main] No active profile set, falling back to default profiles: default
2020-01-05 12:08:15,911 INFO org.springframework.boot.StartupInfoLogger [main] Started BlogApp in 10.189 seconds (JVM running for 11.701)
2020-01-05 12:09:54,957 DEBUG net.blog.post.controller.PostsController [http-nio-8080-exec-1] debug info
2020-01-05 12:09:54,958 INFO net.blog.post.controller.PostsController [http-nio-8080-exec-1] insert in home
2020-01-05 12:10:09,982 DEBUG net.blog.post.controller.PostsController [http-nio-8080-exec-4] debug info
2020-01-05 12:10:09,982 INFO net.blog.post.controller.PostsController [http-nio-8080-exec-4] insert in home
2020-01-05 12:11:49,715 INFO org.springframework.boot.StartupInfoLogger [main] Starting BlogApp on shiw-Vostro-3478 with PID 11735 (/home/shiw/IdeaProjects/demoBlog**/target/classes started by shiw in /home/shiw/IdeaProjects/demoBlog**)
2020-01-05 12:11:49,717 DEBUG org.springframework.boot.StartupInfoLogger [main] Running with Spring Boot v2.2.2.RELEASE, Spring v5.2.2.RELEASE
2020-01-05 12:11:49,718 INFO org.springframework.boot.SpringApplication [main] No active profile set, falling back to default profiles: default
2020-01-05 12:11:53,181 INFO org.springframework.boot.StartupInfoLogger [main] Started BlogApp in 3.891 seconds (JVM running for 4.631)
2020-01-05 12:11:57,166 DEBUG net.blog.post.controller.PostsController [http-nio-8080-exec-1] debug info
2020-01-05 12:11:57,166 INFO net.blog.post.controller.PostsController [http-nio-8080-exec-1] insert in home
2020-01-05 13:26:37,701 INFO org.springframework.boot.StartupInfoLogger [main] Starting BlogApp on shiw-Vostro-3478 with PID 24195 (/home/shiw/IdeaProjects/demoBlog**/target/classes started by shiw in /home/shiw/IdeaProjects/demoBlog**)
2020-01-05 13:26:37,741 DEBUG org.springframework.boot.StartupInfoLogger [main] Running with Spring Boot v2.2.2.RELEASE, Spring v5.2.2.RELEASE
2020-01-05 13:26:37,742 INFO org.springframework.boot.SpringApplication [main] No active profile set, falling back to default profiles: default
2020-01-05 13:26:48,262 INFO org.springframework.boot.StartupInfoLogger [main] Started BlogApp in 15.512 seconds (JVM running for 22.206)
2020-01-05 13:29:09,410 DEBUG net.blog.post.controller.PostsController [http-nio-8080-exec-1] debug info
2020-01-05 13:29:09,410 INFO net.blog.post.controller.PostsController [http-nio-8080-exec-1] insert in home
2020-01-05 13:52:08,142 INFO org.springframework.boot.StartupInfoLogger [main] Starting BlogApp on shiw-Vostro-3478 with PID 28714 (/home/shiw/IdeaProjects/demoBlog**/target/classes started by shiw in /home/shiw/IdeaProjects/demoBlog**)
2020-01-05 13:52:08,143 DEBUG org.springframework.boot.StartupInfoLogger [main] Running with Spring Boot v2.2.2.RELEASE, Spring v5.2.2.RELEASE
2020-01-05 13:52:08,144 INFO org.springframework.boot.SpringApplication [main] No active profile set, falling back to default profiles: default
2020-01-05 13:52:10,793 INFO org.springframework.boot.StartupInfoLogger [main] Started BlogApp in 2.938 seconds (JVM running for 3.415)
2020-01-05 13:52:21,076 DEBUG net.blog.post.controller.PostsController [http-nio-8080-exec-1] debug info
2020-01-05 13:52:21,076 INFO net.blog.post.controller.PostsController [http-nio-8080-exec-1] insert in home
2020-01-05 13:52:33,329 DEBUG net.blog.post.controller.PostsController [http-nio-8080-exec-3] debug info
2020-01-05 13:52:33,329 INFO net.blog.post.controller.PostsController [http-nio-8080-exec-3] insert in home
2020-01-05 13:56:32,037 INFO org.springframework.boot.StartupInfoLogger [main] Starting BlogApp on shiw-Vostro-3478 with PID 29072 (/home/shiw/IdeaProjects/demoBlog**/target/classes started by shiw in /home/shiw/IdeaProjects/demoBlog**)
2020-01-05 13:56:32,039 DEBUG org.springframework.boot.StartupInfoLogger [main] Running with Spring Boot v2.2.2.RELEASE, Spring v5.2.2.RELEASE
2020-01-05 13:56:32,039 INFO org.springframework.boot.SpringApplication [main] No active profile set, falling back to default profiles: default
2020-01-05 13:56:34,583 INFO org.springframework.boot.StartupInfoLogger [main] Started BlogApp in 2.836 seconds (JVM running for 3.324)
2020-01-05 13:56:45,853 DEBUG net.blog.post.controller.PostsController [http-nio-8080-exec-1] debug info
2020-01-05 13:56:45,853 INFO net.blog.post.controller.PostsController [http-nio-8080-exec-1] insert in home
2020-01-05 13:56:53,376 DEBUG net.blog.post.controller.PostsController [http-nio-8080-exec-3] debug info
2020-01-05 13:56:53,377 INFO net.blog.post.controller.PostsController [http-nio-8080-exec-3] insert in home
2020-01-05 13:56:56,770 DEBUG net.blog.post.controller.PostsController [http-nio-8080-exec-6] debug info
2020-01-05 13:56:56,771 INFO net.blog.post.controller.PostsController [http-nio-8080-exec-6] insert in home
2020-01-05 13:57:19,818 INFO org.springframework.boot.StartupInfoLogger [main] Starting BlogApp on shiw-Vostro-3478 with PID 29221 (/home/shiw/IdeaProjects/demoBlog**/target/classes started by shiw in /home/shiw/IdeaProjects/demoBlog**)
2020-01-05 13:57:19,819 DEBUG org.springframework.boot.StartupInfoLogger [main] Running with Spring Boot v2.2.2.RELEASE, Spring v5.2.2.RELEASE
2020-01-05 13:57:19,820 INFO org.springframework.boot.SpringApplication [main] No active profile set, falling back to default profiles: default
2020-01-05 13:57:22,347 INFO org.springframework.boot.StartupInfoLogger [main] Started BlogApp in 2.821 seconds (JVM running for 3.267)
2020-01-05 13:57:24,838 DEBUG net.blog.post.controller.PostsController [http-nio-8080-exec-1] debug info
2020-01-05 13:57:24,839 INFO net.blog.post.controller.PostsController [http-nio-8080-exec-1] insert in home
2020-01-05 13:57:30,029 DEBUG net.blog.post.controller.PostsController [http-nio-8080-exec-3] debug info
2020-01-05 13:57:30,030 INFO net.blog.post.controller.PostsController [http-nio-8080-exec-3] insert in home
2020-01-05 14:09:42,020 INFO org.springframework.boot.StartupInfoLogger [main] Starting BlogApp on shiw-Vostro-3478 with PID 30376 (/home/shiw/IdeaProjects/demoBlog**/target/classes started by shiw in /home/shiw/IdeaProjects/demoBlog**)
2020-01-05 14:09:42,021 DEBUG org.springframework.boot.StartupInfoLogger [main] Running with Spring Boot v2.2.2.RELEASE, Spring v5.2.2.RELEASE
2020-01-05 14:09:42,022 INFO org.springframework.boot.SpringApplication [main] No active profile set, falling back to default profiles: default
2020-01-05 14:09:44,529 INFO org.springframework.boot.StartupInfoLogger [main] Started BlogApp in 2.788 seconds (JVM running for 3.218)
2020-01-05 14:09:53,023 DEBUG net.blog.post.controller.PostsController [http-nio-8080-exec-1] debug info
2020-01-05 14:09:53,023 INFO net.blog.post.controller.PostsController [http-nio-8080-exec-1] insert in home
2020-01-05 14:10:32,253 INFO org.springframework.boot.StartupInfoLogger [main] Starting BlogApp on shiw-Vostro-3478 with PID 30527 (/home/shiw/IdeaProjects/demoBlog**/target/classes started by shiw in /home/shiw/IdeaProjects/demoBlog**)
2020-01-05 14:10:32,254 DEBUG org.springframework.boot.StartupInfoLogger [main] Running with Spring Boot v2.2.2.RELEASE, Spring v5.2.2.RELEASE
2020-01-05 14:10:32,255 INFO org.springframework.boot.SpringApplication [main] No active profile set, falling back to default profiles: default
2020-01-05 14:10:34,796 INFO org.springframework.boot.StartupInfoLogger [main] Started BlogApp in 2.837 seconds (JVM running for 3.269)
2020-01-05 14:10:39,107 DEBUG net.blog.post.controller.PostsController [http-nio-8080-exec-1] debug info
2020-01-05 14:10:39,108 INFO net.blog.post.controller.PostsController [http-nio-8080-exec-1] insert in home
2020-01-05 14:10:46,698 DEBUG net.blog.post.controller.PostsController [http-nio-8080-exec-2] debug info
2020-01-05 14:10:46,698 INFO net.blog.post.controller.PostsController [http-nio-8080-exec-2] insert in home
2020-01-05 14:11:56,208 INFO org.springframework.boot.StartupInfoLogger [main] Starting BlogApp on shiw-Vostro-3478 with PID 30916 (/home/shiw/IdeaProjects/demoBlog**/target/classes started by shiw in /home/shiw/IdeaProjects/demoBlog**)
2020-01-05 14:11:56,209 DEBUG org.springframework.boot.StartupInfoLogger [main] Running with Spring Boot v2.2.2.RELEASE, Spring v5.2.2.RELEASE
2020-01-05 14:11:56,210 INFO org.springframework.boot.SpringApplication [main] No active profile set, falling back to default profiles: default
2020-01-05 14:11:58,714 INFO org.springframework.boot.StartupInfoLogger [main] Started BlogApp in 2.792 seconds (JVM running for 3.237)
2020-01-05 14:12:02,450 DEBUG net.blog.post.controller.PostsController [http-nio-8080-exec-1] debug info
2020-01-05 14:12:02,451 INFO net.blog.post.controller.PostsController [http-nio-8080-exec-1] insert in home
2020-01-05 14:13:45,247 INFO org.springframework.boot.StartupInfoLogger [main] Starting BlogApp on shiw-Vostro-3478 with PID 31085 (/home/shiw/IdeaProjects/demoBlog**/target/classes started by shiw in /home/shiw/IdeaProjects/demoBlog**)
2020-01-05 14:13:45,248 DEBUG org.springframework.boot.StartupInfoLogger [main] Running with Spring Boot v2.2.2.RELEASE, Spring v5.2.2.RELEASE
2020-01-05 14:13:45,249 INFO org.springframework.boot.SpringApplication [main] No active profile set, falling back to default profiles: default
2020-01-05 14:13:47,830 INFO org.springframework.boot.StartupInfoLogger [main] Started BlogApp in 2.86 seconds (JVM running for 3.329)
2020-01-05 14:13:55,038 DEBUG net.blog.post.controller.PostsController [http-nio-8080-exec-1] debug info
2020-01-05 14:13:55,039 INFO net.blog.post.controller.PostsController [http-nio-8080-exec-1] insert in home
2020-01-05 14:15:05,124 DEBUG net.blog.post.controller.PostsController [http-nio-8080-exec-6] debug info
2020-01-05 14:15:05,124 INFO net.blog.post.controller.PostsController [http-nio-8080-exec-6] insert in home
2020-01-05 14:15:17,647 DEBUG net.blog.post.controller.PostsController [http-nio-8080-exec-8] debug info
2020-01-05 14:15:17,647 INFO net.blog.post.controller.PostsController [http-nio-8080-exec-8] insert in home
2020-01-05 14:16:05,054 INFO org.springframework.boot.StartupInfoLogger [main] Starting BlogApp on shiw-Vostro-3478 with PID 31348 (/home/shiw/IdeaProjects/demoBlog**/target/classes started by shiw in /home/shiw/IdeaProjects/demoBlog**)
2020-01-05 14:16:05,056 DEBUG org.springframework.boot.StartupInfoLogger [main] Running with Spring Boot v2.2.2.RELEASE, Spring v5.2.2.RELEASE
2020-01-05 14:16:05,056 INFO org.springframework.boot.SpringApplication [main] No active profile set, falling back to default profiles: default
2020-01-05 14:16:07,614 INFO org.springframework.boot.StartupInfoLogger [main] Started BlogApp in 2.873 seconds (JVM running for 3.291)
2020-01-05 14:16:14,772 DEBUG net.blog.post.controller.PostsController [http-nio-8080-exec-1] debug info
2020-01-05 14:16:14,773 INFO net.blog.post.controller.PostsController [http-nio-8080-exec-1] insert in home
2020-01-05 14:16:22,643 DEBUG net.blog.post.controller.PostsController [http-nio-8080-exec-2] debug info
2020-01-05 14:16:22,643 INFO net.blog.post.controller.PostsController [http-nio-8080-exec-2] insert in home
2020-01-05 14:16:51,397 DEBUG net.blog.post.controller.PostsController [http-nio-8080-exec-4] debug info
2020-01-05 14:16:51,397 INFO net.blog.post.controller.PostsController [http-nio-8080-exec-4] insert in home
2020-01-05 14:17:16,187 INFO org.springframework.boot.StartupInfoLogger [main] Starting BlogApp on shiw-Vostro-3478 with PID 31517 (/home/shiw/IdeaProjects/demoBlog**/target/classes started by shiw in /home/shiw/IdeaProjects/demoBlog**)
2020-01-05 14:17:16,188 DEBUG org.springframework.boot.StartupInfoLogger [main] Running with Spring Boot v2.2.2.RELEASE, Spring v5.2.2.RELEASE
2020-01-05 14:17:16,189 INFO org.springframework.boot.SpringApplication [main] No active profile set, falling back to default profiles: default
2020-01-05 14:17:18,714 INFO org.springframework.boot.StartupInfoLogger [main] Started BlogApp in 2.826 seconds (JVM running for 3.282)
2020-01-05 14:17:25,144 DEBUG net.blog.post.controller.PostsController [http-nio-8080-exec-1] debug info
2020-01-05 14:17:25,145 INFO net.blog.post.controller.PostsController [http-nio-8080-exec-1] insert in home
2020-01-05 14:17:31,502 DEBUG net.blog.post.controller.PostsController [http-nio-8080-exec-2] debug info
2020-01-05 14:17:31,502 INFO net.blog.post.controller.PostsController [http-nio-8080-exec-2] insert in home
2020-01-05 14:17:35,413 DEBUG net.blog.post.controller.PostsController [http-nio-8080-exec-4] debug info
2020-01-05 14:17:35,413 INFO net.blog.post.controller.PostsController [http-nio-8080-exec-4] insert in home
2020-01-05 14:18:14,660 INFO org.springframework.boot.StartupInfoLogger [main] Starting BlogApp on shiw-Vostro-3478 with PID 31650 (/home/shiw/IdeaProjects/demoBlog**/target/classes started by shiw in /home/shiw/IdeaProjects/demoBlog**)
2020-01-05 14:18:14,661 DEBUG org.springframework.boot.StartupInfoLogger [main] Running with Spring Boot v2.2.2.RELEASE, Spring v5.2.2.RELEASE
2020-01-05 14:18:14,662 INFO org.springframework.boot.SpringApplication [main] No active profile set, falling back to default profiles: default
2020-01-05 14:18:17,186 INFO org.springframework.boot.StartupInfoLogger [main] Started BlogApp in 2.825 seconds (JVM running for 3.282)
2020-01-05 14:18:22,513 DEBUG net.blog.post.controller.PostsController [http-nio-8080-exec-1] debug info
2020-01-05 14:18:22,514 INFO net.blog.post.controller.PostsController [http-nio-8080-exec-1] insert in home
2020-01-05 14:18:24,709 DEBUG net.blog.post.controller.PostsController [http-nio-8080-exec-2] debug info
2020-01-05 14:18:24,709 INFO net.blog.post.controller.PostsController [http-nio-8080-exec-2] insert in home
2020-01-05 14:18:27,819 DEBUG net.blog.post.controller.PostsController [http-nio-8080-exec-3] debug info
2020-01-05 14:18:27,819 INFO net.blog.post.controller.PostsController [http-nio-8080-exec-3] insert in home
2020-01-05 14:18:32,487 DEBUG net.blog.post.controller.PostsController [http-nio-8080-exec-5] debug info
2020-01-05 14:18:32,487 INFO net.blog.post.controller.PostsController [http-nio-8080-exec-5] insert in home
2020-01-05 14:18:34,287 DEBUG net.blog.post.controller.PostsController [http-nio-8080-exec-6] debug info
2020-01-05 14:18:34,289 INFO net.blog.post.controller.PostsController [http-nio-8080-exec-6] insert in home
2020-01-05 14:18:39,134 DEBUG net.blog.post.controller.PostsController [http-nio-8080-exec-7] debug info
2020-01-05 14:18:39,134 INFO net.blog.post.controller.PostsController [http-nio-8080-exec-7] insert in home
2020-01-05 14:18:41,911 DEBUG net.blog.post.controller.PostsController [http-nio-8080-exec-8] debug info
2020-01-05 14:18:41,911 INFO net.blog.post.controller.PostsController [http-nio-8080-exec-8] insert in home
2020-01-05 14:19:00,301 DEBUG net.blog.post.controller.PostsController [http-nio-8080-exec-4] debug info
2020-01-05 14:19:00,301 INFO net.blog.post.controller.PostsController [http-nio-8080-exec-4] insert in home
2020-01-05 14:19:51,387 DEBUG net.blog.post.controller.PostsController [http-nio-8080-exec-6] debug info
2020-01-05 14:19:51,388 INFO net.blog.post.controller.PostsController [http-nio-8080-exec-6] insert in home
2020-01-05 14:26:28,172 INFO org.springframework.boot.StartupInfoLogger [main] Starting BlogApp on shiw-Vostro-3478 with PID 32113 (/home/shiw/IdeaProjects/demoBlog**/target/classes started by shiw in /home/shiw/IdeaProjects/demoBlog**)
2020-01-05 14:26:28,174 DEBUG org.springframework.boot.StartupInfoLogger [main] Running with Spring Boot v2.2.2.RELEASE, Spring v5.2.2.RELEASE
2020-01-05 14:26:28,174 INFO org.springframework.boot.SpringApplication [main] No active profile set, falling back to default profiles: default
2020-01-05 14:26:30,758 INFO org.springframework.boot.StartupInfoLogger [main] Started BlogApp in 2.866 seconds (JVM running for 3.297)
2020-01-05 14:26:38,835 DEBUG net.blog.post.controller.PostsController [http-nio-8080-exec-1] debug info
2020-01-05 14:26:38,835 INFO net.blog.post.controller.PostsController [http-nio-8080-exec-1] insert in home
2020-01-05 14:26:49,389 DEBUG net.blog.post.controller.PostsController [http-nio-8080-exec-5] debug info
2020-01-05 14:26:49,389 INFO net.blog.post.controller.PostsController [http-nio-8080-exec-5] insert in home
2020-01-05 14:27:08,383 DEBUG net.blog.post.controller.PostsController [http-nio-8080-exec-8] debug info
2020-01-05 14:27:08,384 INFO net.blog.post.controller.PostsController [http-nio-8080-exec-8] insert in home
2020-01-05 14:27:12,439 DEBUG net.blog.post.controller.PostsController [http-nio-8080-exec-10] debug info
2020-01-05 14:27:12,440 INFO net.blog.post.controller.PostsController [http-nio-8080-exec-10] insert in home
2020-01-05 14:27:33,895 DEBUG net.blog.post.controller.PostsController [http-nio-8080-exec-2] debug info
2020-01-05 14:27:33,897 INFO net.blog.post.controller.PostsController [http-nio-8080-exec-2] insert in home
2020-01-05 14:28:00,611 INFO org.springframework.boot.StartupInfoLogger [main] Starting BlogApp on shiw-Vostro-3478 with PID 32271 (/home/shiw/IdeaProjects/demoBlog**/target/classes started by shiw in /home/shiw/IdeaProjects/demoBlog**)
2020-01-05 14:28:00,612 DEBUG org.springframework.boot.StartupInfoLogger [main] Running with Spring Boot v2.2.2.RELEASE, Spring v5.2.2.RELEASE
2020-01-05 14:28:00,612 INFO org.springframework.boot.SpringApplication [main] No active profile set, falling back to default profiles: default
2020-01-05 14:28:03,150 INFO org.springframework.boot.StartupInfoLogger [main] Started BlogApp in 2.823 seconds (JVM running for 3.262)
2020-01-05 14:28:07,755 DEBUG net.blog.post.controller.PostsController [http-nio-8080-exec-1] debug info
2020-01-05 14:28:07,756 INFO net.blog.post.controller.PostsController [http-nio-8080-exec-1] insert in home
2020-01-05 14:28:21,274 DEBUG net.blog.post.controller.PostsController [http-nio-8080-exec-7] debug info
2020-01-05 14:28:21,275 INFO net.blog.post.controller.PostsController [http-nio-8080-exec-7] insert in home
2020-01-05 14:28:32,154 DEBUG net.blog.post.controller.PostsController [http-nio-8080-exec-10] debug info
2020-01-05 14:28:32,155 INFO net.blog.post.controller.PostsController [http-nio-8080-exec-10] insert in home
2020-01-05 14:28:58,227 INFO org.springframework.boot.StartupInfoLogger [main] Starting BlogApp on shiw-Vostro-3478 with PID 32410 (/home/shiw/IdeaProjects/demoBlog**/target/classes started by shiw in /home/shiw/IdeaProjects/demoBlog**)
2020-01-05 14:28:58,228 DEBUG org.springframework.boot.StartupInfoLogger [main] Running with Spring Boot v2.2.2.RELEASE, Spring v5.2.2.RELEASE
2020-01-05 14:28:58,228 INFO org.springframework.boot.SpringApplication [main] No active profile set, falling back to default profiles: default
2020-01-05 14:29:00,748 INFO org.springframework.boot.StartupInfoLogger [main] Started BlogApp in 2.851 seconds (JVM running for 3.292)
2020-01-05 14:29:04,527 DEBUG net.blog.post.controller.PostsController [http-nio-8080-exec-1] debug info
2020-01-05 14:29:04,528 INFO net.blog.post.controller.PostsController [http-nio-8080-exec-1] insert in home
2020-01-05 14:29:23,163 DEBUG net.blog.post.controller.PostsController [http-nio-8080-exec-9] debug info
2020-01-05 14:29:23,163 INFO net.blog.post.controller.PostsController [http-nio-8080-exec-9] insert in home
2020-01-05 14:31:22,341 DEBUG net.blog.post.controller.PostsController [http-nio-8080-exec-4] debug info
2020-01-05 14:31:22,342 INFO net.blog.post.controller.PostsController [http-nio-8080-exec-4] insert in home
2020-01-05 14:31:23,844 DEBUG net.blog.post.controller.PostsController [http-nio-8080-exec-5] debug info
2020-01-05 14:31:23,845 INFO net.blog.post.controller.PostsController [http-nio-8080-exec-5] insert in home
2020-01-05 14:31:41,539 DEBUG net.blog.post.controller.PostsController [http-nio-8080-exec-7] debug info
2020-01-05 14:31:41,539 INFO net.blog.post.controller.PostsController [http-nio-8080-exec-7] insert in home
2020-01-05 14:31:44,128 DEBUG net.blog.post.controller.PostsController [http-nio-8080-exec-8] debug info
2020-01-05 14:31:44,129 INFO net.blog.post.controller.PostsController [http-nio-8080-exec-8] insert in home
2020-01-05 14:31:51,685 DEBUG net.blog.post.controller.PostsController [http-nio-8080-exec-10] debug info
2020-01-05 14:31:51,685 INFO net.blog.post.controller.PostsController [http-nio-8080-exec-10] insert in home
2020-01-05 14:31:53,411 DEBUG net.blog.post.controller.PostsController [http-nio-8080-exec-1] debug info
2020-01-05 14:31:53,412 INFO net.blog.post.controller.PostsController [http-nio-8080-exec-1] insert in home
2020-01-05 14:42:18,913 INFO org.springframework.boot.StartupInfoLogger [main] Starting BlogApp on shiw-Vostro-3478 with PID 32763 (/home/shiw/IdeaProjects/demoBlog**/target/classes started by shiw in /home/shiw/IdeaProjects/demoBlog**)
2020-01-05 14:42:18,914 DEBUG org.springframework.boot.StartupInfoLogger [main] Running with Spring Boot v2.2.2.RELEASE, Spring v5.2.2.RELEASE
2020-01-05 14:42:18,915 INFO org.springframework.boot.SpringApplication [main] No active profile set, falling back to default profiles: default
2020-01-05 14:42:21,455 INFO org.springframework.boot.StartupInfoLogger [main] Started BlogApp in 2.853 seconds (JVM running for 3.267)
2020-01-05 14:42:30,831 DEBUG net.blog.post.controller.PostsController [http-nio-8080-exec-2] debug info
2020-01-05 14:42:30,832 INFO net.blog.post.controller.PostsController [http-nio-8080-exec-2] insert in home
2020-01-05 14:42:41,532 DEBUG net.blog.post.controller.PostsController [http-nio-8080-exec-5] debug info
2020-01-05 14:42:41,533 INFO net.blog.post.controller.PostsController [http-nio-8080-exec-5] insert in home
2020-01-05 14:44:27,682 INFO org.springframework.boot.StartupInfoLogger [main] Starting BlogApp on shiw-Vostro-3478 with PID 505 (/home/shiw/IdeaProjects/demoBlog**/target/classes started by shiw in /home/shiw/IdeaProjects/demoBlog**)
2020-01-05 14:44:27,683 DEBUG org.springframework.boot.StartupInfoLogger [main] Running with Spring Boot v2.2.2.RELEASE, Spring v5.2.2.RELEASE
2020-01-05 14:44:27,684 INFO org.springframework.boot.SpringApplication [main] No active profile set, falling back to default profiles: default
2020-01-05 14:44:30,309 INFO org.springframework.boot.StartupInfoLogger [main] Started BlogApp in 2.92 seconds (JVM running for 3.354)
2020-01-05 14:44:35,420 DEBUG net.blog.post.controller.PostsController [http-nio-8080-exec-1] debug info
2020-01-05 14:44:35,420 INFO net.blog.post.controller.PostsController [http-nio-8080-exec-1] insert in home
2020-01-05 14:45:24,012 INFO org.springframework.boot.StartupInfoLogger [main] Starting BlogApp on shiw-Vostro-3478 with PID 664 (/home/shiw/IdeaProjects/demoBlog**/target/classes started by shiw in /home/shiw/IdeaProjects/demoBlog**)
2020-01-05 14:45:24,013 DEBUG org.springframework.boot.StartupInfoLogger [main] Running with Spring Boot v2.2.2.RELEASE, Spring v5.2.2.RELEASE
2020-01-05 14:45:24,014 INFO org.springframework.boot.SpringApplication [main] No active profile set, falling back to default profiles: default
2020-01-05 14:45:26,509 INFO org.springframework.boot.StartupInfoLogger [main] Started BlogApp in 2.778 seconds (JVM running for 3.212)
2020-01-05 14:45:30,738 DEBUG net.blog.post.controller.PostsController [http-nio-8080-exec-1] debug info
2020-01-05 14:45:30,738 INFO net.blog.post.controller.PostsController [http-nio-8080-exec-1] insert in home
2020-01-05 14:46:14,102 INFO org.springframework.boot.StartupInfoLogger [main] Starting BlogApp on shiw-Vostro-3478 with PID 810 (/home/shiw/IdeaProjects/demoBlog**/target/classes started by shiw in /home/shiw/IdeaProjects/demoBlog**)
2020-01-05 14:46:14,102 DEBUG org.springframework.boot.StartupInfoLogger [main] Running with Spring Boot v2.2.2.RELEASE, Spring v5.2.2.RELEASE
2020-01-05 14:46:14,103 INFO org.springframework.boot.SpringApplication [main] No active profile set, falling back to default profiles: default
2020-01-05 14:46:16,658 INFO org.springframework.boot.StartupInfoLogger [main] Started BlogApp in 2.845 seconds (JVM running for 3.293)
2020-01-05 14:47:37,967 INFO org.springframework.boot.StartupInfoLogger [main] Starting BlogApp on shiw-Vostro-3478 with PID 992 (/home/shiw/IdeaProjects/demoBlog**/target/classes started by shiw in /home/shiw/IdeaProjects/demoBlog**)
2020-01-05 14:47:37,968 DEBUG org.springframework.boot.StartupInfoLogger [main] Running with Spring Boot v2.2.2.RELEASE, Spring v5.2.2.RELEASE
2020-01-05 14:47:37,969 INFO org.springframework.boot.SpringApplication [main] No active profile set, falling back to default profiles: default
2020-01-05 14:47:40,500 INFO org.springframework.boot.StartupInfoLogger [main] Started BlogApp in 2.835 seconds (JVM running for 3.256)
2020-01-05 14:48:27,143 INFO org.springframework.boot.StartupInfoLogger [main] Starting BlogApp on shiw-Vostro-3478 with PID 1155 (/home/shiw/IdeaProjects/demoBlog**/target/classes started by shiw in /home/shiw/IdeaProjects/demoBlog**)
2020-01-05 14:48:27,145 DEBUG org.springframework.boot.StartupInfoLogger [main] Running with Spring Boot v2.2.2.RELEASE, Spring v5.2.2.RELEASE
2020-01-05 14:48:27,145 INFO org.springframework.boot.SpringApplication [main] No active profile set, falling back to default profiles: default
2020-01-05 14:48:29,671 INFO org.springframework.boot.StartupInfoLogger [main] Started BlogApp in 2.836 seconds (JVM running for 3.306)
2020-01-05 14:48:35,796 DEBUG net.blog.post.controller.PostsController [http-nio-8080-exec-1] debug info
2020-01-05 14:48:35,796 INFO net.blog.post.controller.PostsController [http-nio-8080-exec-1] insert in home
2020-01-05 14:51:08,911 INFO org.springframework.boot.StartupInfoLogger [main] Starting BlogApp on shiw-Vostro-3478 with PID 1316 (/home/shiw/IdeaProjects/demoBlog**/target/classes started by shiw in /home/shiw/IdeaProjects/demoBlog**)
2020-01-05 14:51:08,913 DEBUG org.springframework.boot.StartupInfoLogger [main] Running with Spring Boot v2.2.2.RELEASE, Spring v5.2.2.RELEASE
2020-01-05 14:51:08,913 INFO org.springframework.boot.SpringApplication [main] No active profile set, falling back to default profiles: default
2020-01-05 14:51:11,418 INFO org.springframework.boot.StartupInfoLogger [main] Started BlogApp in 2.816 seconds (JVM running for 3.275)
2020-01-05 14:52:39,453 INFO org.springframework.boot.StartupInfoLogger [main] Starting BlogApp on shiw-Vostro-3478 with PID 1471 (/home/shiw/IdeaProjects/demoBlog**/target/classes started by shiw in /home/shiw/IdeaProjects/demoBlog**)
2020-01-05 14:52:39,454 DEBUG org.springframework.boot.StartupInfoLogger [main] Running with Spring Boot v2.2.2.RELEASE, Spring v5.2.2.RELEASE
2020-01-05 14:52:39,455 INFO org.springframework.boot.SpringApplication [main] No active profile set, falling back to default profiles: default
2020-01-05 14:52:42,014 INFO org.springframework.boot.StartupInfoLogger [main] Started BlogApp in 2.864 seconds (JVM running for 3.28)
2020-01-05 14:52:50,394 DEBUG net.blog.post.controller.PostsController [http-nio-8080-exec-1] debug info
2020-01-05 14:52:50,395 INFO net.blog.post.controller.PostsController [http-nio-8080-exec-1] insert in home
2020-01-05 14:52:55,039 DEBUG net.blog.post.controller.PostsController [http-nio-8080-exec-2] debug info
2020-01-05 14:52:55,039 INFO net.blog.post.controller.PostsController [http-nio-8080-exec-2] insert in home
2020-01-05 14:52:56,750 DEBUG net.blog.post.controller.PostsController [http-nio-8080-exec-3] debug info
2020-01-05 14:52:56,751 INFO net.blog.post.controller.PostsController [http-nio-8080-exec-3] insert in home
2020-01-05 14:52:59,286 DEBUG net.blog.post.controller.PostsController [http-nio-8080-exec-4] debug info
2020-01-05 14:52:59,287 INFO net.blog.post.controller.PostsController [http-nio-8080-exec-4] insert in home
2020-01-05 14:53:12,341 ERROR net.blog.post.controller.PostsController [http-nio-8080-exec-9] error generated
2020-01-05 14:53:12,344 INFO net.blog.post.controller.PostsController [http-nio-8080-exec-9] search executed
2020-01-05 14:53:12,345 TRACE net.blog.post.controller.PostsController [http-nio-8080-exec-9] search trace
2020-01-05 14:53:19,927 ERROR net.blog.post.controller.PostsController [http-nio-8080-exec-1] error generated
2020-01-05 14:53:19,930 INFO net.blog.post.controller.PostsController [http-nio-8080-exec-1] search executed
2020-01-05 14:53:19,931 TRACE net.blog.post.controller.PostsController [http-nio-8080-exec-1] search trace
2020-01-05 14:53:24,611 ERROR net.blog.post.controller.PostsController [http-nio-8080-exec-4] error generated
2020-01-05 14:53:24,612 INFO net.blog.post.controller.PostsController [http-nio-8080-exec-4] search executed
2020-01-05 14:53:24,613 TRACE net.blog.post.controller.PostsController [http-nio-8080-exec-4] search trace
2020-01-05 14:53:50,926 DEBUG net.blog.post.controller.PostsController [http-nio-8080-exec-6] debug info
2020-01-05 14:53:50,926 INFO net.blog.post.controller.PostsController [http-nio-8080-exec-6] insert in home
2020-01-05 14:54:06,625 DEBUG net.blog.post.controller.PostsController [http-nio-8080-exec-9] debug info
2020-01-05 14:54:06,627 INFO net.blog.post.controller.PostsController [http-nio-8080-exec-9] insert in home
2020-01-05 14:54:15,370 DEBUG net.blog.post.controller.PostsController [http-nio-8080-exec-2] debug info
2020-01-05 14:54:15,370 INFO net.blog.post.controller.PostsController [http-nio-8080-exec-2] insert in home
2020-01-05 14:55:05,144 INFO org.springframework.boot.StartupInfoLogger [main] Starting BlogApp on shiw-Vostro-3478 with PID 1639 (/home/shiw/IdeaProjects/demoBlog**/target/classes started by shiw in /home/shiw/IdeaProjects/demoBlog**)
2020-01-05 14:55:05,146 DEBUG org.springframework.boot.StartupInfoLogger [main] Running with Spring Boot v2.2.2.RELEASE, Spring v5.2.2.RELEASE
2020-01-05 14:55:05,146 INFO org.springframework.boot.SpringApplication [main] No active profile set, falling back to default profiles: default
2020-01-05 14:55:07,653 INFO org.springframework.boot.StartupInfoLogger [main] Started BlogApp in 2.792 seconds (JVM running for 3.219)
2020-01-05 14:55:12,082 DEBUG net.blog.post.controller.PostsController [http-nio-8080-exec-1] debug info
2020-01-05 14:55:12,083 INFO net.blog.post.controller.PostsController [http-nio-8080-exec-1] insert in home
2020-01-05 14:55:18,918 DEBUG net.blog.post.controller.PostsController [http-nio-8080-exec-3] debug info
2020-01-05 14:55:18,919 INFO net.blog.post.controller.PostsController [http-nio-8080-exec-3] insert in home
2020-01-05 14:55:21,055 DEBUG net.blog.post.controller.PostsController [http-nio-8080-exec-4] debug info
2020-01-05 14:55:21,055 INFO net.blog.post.controller.PostsController [http-nio-8080-exec-4] insert in home
2020-01-05 14:55:21,815 DEBUG net.blog.post.controller.PostsController [http-nio-8080-exec-5] debug info
2020-01-05 14:55:21,815 INFO net.blog.post.controller.PostsController [http-nio-8080-exec-5] insert in home
2020-01-05 14:55:58,448 INFO org.springframework.boot.StartupInfoLogger [main] Starting BlogApp on shiw-Vostro-3478 with PID 1816 (/home/shiw/IdeaProjects/demoBlog**/target/classes started by shiw in /home/shiw/IdeaProjects/demoBlog**)
2020-01-05 14:55:58,449 DEBUG org.springframework.boot.StartupInfoLogger [main] Running with Spring Boot v2.2.2.RELEASE, Spring v5.2.2.RELEASE
2020-01-05 14:55:58,450 INFO org.springframework.boot.SpringApplication [main] No active profile set, falling back to default profiles: default
2020-01-05 14:56:00,989 INFO org.springframework.boot.StartupInfoLogger [main] Started BlogApp in 2.846 seconds (JVM running for 3.282)
2020-01-05 14:57:22,672 INFO org.springframework.boot.StartupInfoLogger [main] Starting BlogApp on shiw-Vostro-3478 with PID 1969 (/home/shiw/IdeaProjects/demoBlog**/target/classes started by shiw in /home/shiw/IdeaProjects/demoBlog**)
2020-01-05 14:57:22,673 DEBUG org.springframework.boot.StartupInfoLogger [main] Running with Spring Boot v2.2.2.RELEASE, Spring v5.2.2.RELEASE
2020-01-05 14:57:22,674 INFO org.springframework.boot.SpringApplication [main] No active profile set, falling back to default profiles: default
2020-01-05 14:57:25,188 INFO org.springframework.boot.StartupInfoLogger [main] Started BlogApp in 2.809 seconds (JVM running for 3.294)
2020-01-05 14:57:47,624 ERROR net.blog.post.controller.PostsController [http-nio-8080-exec-7] error generated
2020-01-05 14:57:47,626 INFO net.blog.post.controller.PostsController [http-nio-8080-exec-7] search executed
2020-01-05 14:57:47,626 TRACE net.blog.post.controller.PostsController [http-nio-8080-exec-7] search trace
2020-01-05 14:58:18,670 DEBUG net.blog.post.controller.PostsController [http-nio-8080-exec-9] debug info
2020-01-05 14:58:18,670 INFO net.blog.post.controller.PostsController [http-nio-8080-exec-9] insert in home
2020-01-05 14:58:31,358 ERROR net.blog.post.controller.PostsController [http-nio-8080-exec-2] error generated
2020-01-05 14:58:31,361 INFO net.blog.post.controller.PostsController [http-nio-8080-exec-2] search executed
2020-01-05 14:58:31,363 TRACE net.blog.post.controller.PostsController [http-nio-8080-exec-2] search trace
2020-01-05 15:01:46,748 DEBUG net.blog.post.controller.PostsController [http-nio-8080-exec-7] debug info
2020-01-05 15:01:46,748 INFO net.blog.post.controller.PostsController [http-nio-8080-exec-7] insert in home
2020-01-05 15:01:51,596 DEBUG net.blog.post.controller.PostsController [http-nio-8080-exec-10] debug info
2020-01-05 15:01:51,597 INFO net.blog.post.controller.PostsController [http-nio-8080-exec-10] insert in home
2020-01-05 15:07:06,838 INFO org.springframework.boot.StartupInfoLogger [main] Starting BlogApp on shiw-Vostro-3478 with PID 2599 (/home/shiw/IdeaProjects/demoBlog**/target/classes started by shiw in /home/shiw/IdeaProjects/demoBlog**)
2020-01-05 15:07:06,839 DEBUG org.springframework.boot.StartupInfoLogger [main] Running with Spring Boot v2.2.2.RELEASE, Spring v5.2.2.RELEASE
2020-01-05 15:07:06,840 INFO org.springframework.boot.SpringApplication [main] No active profile set, falling back to default profiles: default
2020-01-05 15:07:09,384 INFO org.springframework.boot.StartupInfoLogger [main] Started BlogApp in 2.865 seconds (JVM running for 3.307)
2020-01-05 15:07:37,412 INFO org.springframework.boot.StartupInfoLogger [main] Starting BlogApp on shiw-Vostro-3478 with PID 2881 (/home/shiw/IdeaProjects/demoBlog**/target/classes started by shiw in /home/shiw/IdeaProjects/demoBlog**)
2020-01-05 15:07:37,413 DEBUG org.springframework.boot.StartupInfoLogger [main] Running with Spring Boot v2.2.2.RELEASE, Spring v5.2.2.RELEASE
2020-01-05 15:07:37,413 INFO org.springframework.boot.SpringApplication [main] No active profile set, falling back to default profiles: default
2020-01-05 15:07:40,084 INFO org.springframework.boot.StartupInfoLogger [main] Started BlogApp in 2.959 seconds (JVM running for 3.423)
2020-01-05 15:07:55,037 DEBUG net.blog.post.controller.PostsController [http-nio-8080-exec-1] debug info
2020-01-05 15:07:55,038 INFO net.blog.post.controller.PostsController [http-nio-8080-exec-1] insert in home
2020-01-05 15:07:59,505 DEBUG net.blog.post.controller.PostsController [http-nio-8080-exec-2] debug info
2020-01-05 15:07:59,505 INFO net.blog.post.controller.PostsController [http-nio-8080-exec-2] insert in home
2020-01-05 15:08:22,371 DEBUG net.blog.post.controller.PostsController [http-nio-8080-exec-10] debug info
2020-01-05 15:08:22,371 INFO net.blog.post.controller.PostsController [http-nio-8080-exec-10] insert in home
2020-01-05 15:08:29,101 DEBUG net.blog.post.controller.PostsController [http-nio-8080-exec-3] debug info
2020-01-05 15:08:29,101 INFO net.blog.post.controller.PostsController [http-nio-8080-exec-3] insert in home
2020-01-05 15:09:15,378 INFO org.springframework.boot.StartupInfoLogger [main] Starting BlogApp on shiw-Vostro-3478 with PID 3062 (/home/shiw/IdeaProjects/demoBlog**/target/classes started by shiw in /home/shiw/IdeaProjects/demoBlog**)
2020-01-05 15:09:15,379 DEBUG org.springframework.boot.StartupInfoLogger [main] Running with Spring Boot v2.2.2.RELEASE, Spring v5.2.2.RELEASE
2020-01-05 15:09:15,380 INFO org.springframework.boot.SpringApplication [main] No active profile set, falling back to default profiles: default
2020-01-05 15:09:17,946 INFO org.springframework.boot.StartupInfoLogger [main] Started BlogApp in 2.88 seconds (JVM running for 3.338)
2020-01-05 15:09:27,214 DEBUG net.blog.post.controller.PostsController [http-nio-8080-exec-1] debug info
2020-01-05 15:09:27,215 INFO net.blog.post.controller.PostsController [http-nio-8080-exec-1] insert in home
2020-01-05 15:09:34,181 DEBUG net.blog.post.controller.PostsController [http-nio-8080-exec-4] debug info
2020-01-05 15:09:34,181 INFO net.blog.post.controller.PostsController [http-nio-8080-exec-4] insert in home
2020-01-05 15:10:23,934 INFO org.springframework.boot.StartupInfoLogger [main] Starting BlogApp on shiw-Vostro-3478 with PID 3233 (/home/shiw/IdeaProjects/demoBlog**/target/classes started by shiw in /home/shiw/IdeaProjects/demoBlog**)
2020-01-05 15:10:23,935 DEBUG org.springframework.boot.StartupInfoLogger [main] Running with Spring Boot v2.2.2.RELEASE, Spring v5.2.2.RELEASE
2020-01-05 15:10:23,936 INFO org.springframework.boot.SpringApplication [main] No active profile set, falling back to default profiles: default
2020-01-05 15:10:26,491 INFO org.springframework.boot.StartupInfoLogger [main] Started BlogApp in 2.867 seconds (JVM running for 3.316)
2020-01-05 15:10:30,948 DEBUG net.blog.post.controller.PostsController [http-nio-8080-exec-2] debug info
2020-01-05 15:10:30,948 INFO net.blog.post.controller.PostsController [http-nio-8080-exec-2] insert in home
2020-01-05 15:10:52,182 DEBUG net.blog.post.controller.PostsController [http-nio-8080-exec-1] debug info
2020-01-05 15:10:52,182 INFO net.blog.post.controller.PostsController [http-nio-8080-exec-1] insert in home
2020-01-05 15:11:05,995 DEBUG net.blog.post.controller.PostsController [http-nio-8080-exec-5] debug info
2020-01-05 15:11:05,995 INFO net.blog.post.controller.PostsController [http-nio-8080-exec-5] insert in home
2020-01-05 15:11:24,396 DEBUG net.blog.post.controller.PostsController [http-nio-8080-exec-10] debug info
2020-01-05 15:11:24,397 INFO net.blog.post.controller.PostsController [http-nio-8080-exec-10] insert in home
2020-01-05 15:11:28,096 DEBUG net.blog.post.controller.PostsController [http-nio-8080-exec-2] debug info
2020-01-05 15:11:28,097 INFO net.blog.post.controller.PostsController [http-nio-8080-exec-2] insert in home
2020-01-05 15:11:30,614 DEBUG net.blog.post.controller.PostsController [http-nio-8080-exec-3] debug info
2020-01-05 15:11:30,614 INFO net.blog.post.controller.PostsController [http-nio-8080-exec-3] insert in home
2020-01-05 15:12:08,263 INFO org.springframework.boot.StartupInfoLogger [main] Starting BlogApp on shiw-Vostro-3478 with PID 3752 (/home/shiw/IdeaProjects/demoBlog**/target/classes started by shiw in /home/shiw/IdeaProjects/demoBlog**)
2020-01-05 15:12:08,265 DEBUG org.springframework.boot.StartupInfoLogger [main] Running with Spring Boot v2.2.2.RELEASE, Spring v5.2.2.RELEASE
2020-01-05 15:12:08,265 INFO org.springframework.boot.SpringApplication [main] No active profile set, falling back to default profiles: default
2020-01-05 15:12:10,947 INFO org.springframework.boot.StartupInfoLogger [main] Started BlogApp in 3.047 seconds (JVM running for 3.542)
2020-01-05 15:12:11,060 DEBUG net.blog.post.controller.PostsController [http-nio-8080-exec-1] debug info
2020-01-05 15:12:11,061 INFO net.blog.post.controller.PostsController [http-nio-8080-exec-1] insert in home
2020-01-05 15:12:20,298 DEBUG net.blog.post.controller.PostsController [http-nio-8080-exec-4] debug info
2020-01-05 15:12:20,299 INFO net.blog.post.controller.PostsController [http-nio-8080-exec-4] insert in home
2020-01-05 15:12:35,371 DEBUG net.blog.post.controller.PostsController [http-nio-8080-exec-9] debug info
2020-01-05 15:12:35,371 INFO net.blog.post.controller.PostsController [http-nio-8080-exec-9] insert in home
2020-01-05 15:13:26,991 INFO org.springframework.boot.StartupInfoLogger [main] Starting BlogApp on shiw-Vostro-3478 with PID 4007 (/home/shiw/IdeaProjects/demoBlog**/target/classes started by shiw in /home/shiw/IdeaProjects/demoBlog**)
2020-01-05 15:13:26,992 DEBUG org.springframework.boot.StartupInfoLogger [main] Running with Spring Boot v2.2.2.RELEASE, Spring v5.2.2.RELEASE
2020-01-05 15:13:26,993 INFO org.springframework.boot.SpringApplication [main] No active profile set, falling back to default profiles: default
2020-01-05 15:13:29,557 INFO org.springframework.boot.StartupInfoLogger [main] Started BlogApp in 2.87 seconds (JVM running for 3.321)
2020-01-05 15:13:37,171 DEBUG net.blog.post.controller.PostsController [http-nio-8080-exec-3] debug info
2020-01-05 15:13:37,172 INFO net.blog.post.controller.PostsController [http-nio-8080-exec-3] insert in home
2020-01-05 15:13:37,867 DEBUG net.blog.post.controller.PostsController [http-nio-8080-exec-2] debug info
2020-01-05 15:13:37,867 INFO net.blog.post.controller.PostsController [http-nio-8080-exec-2] insert in home
2020-01-05 15:13:46,325 DEBUG net.blog.post.controller.PostsController [http-nio-8080-exec-7] debug info
2020-01-05 15:13:46,325 INFO net.blog.post.controller.PostsController [http-nio-8080-exec-7] insert in home
2020-01-05 15:13:49,915 DEBUG net.blog.post.controller.PostsController [http-nio-8080-exec-8] debug info
2020-01-05 15:13:49,916 INFO net.blog.post.controller.PostsController [http-nio-8080-exec-8] insert in home
2020-01-05 15:13:53,467 DEBUG net.blog.post.controller.PostsController [http-nio-8080-exec-1] debug info
2020-01-05 15:13:53,468 INFO net.blog.post.controller.PostsController [http-nio-8080-exec-1] insert in home
2020-01-05 15:18:35,845 INFO org.springframework.boot.StartupInfoLogger [main] Starting BlogApp on shiw-Vostro-3478 with PID 4273 (/home/shiw/IdeaProjects/demoBlog**/target/classes started by shiw in /home/shiw/IdeaProjects/demoBlog**)
2020-01-05 15:18:35,846 DEBUG org.springframework.boot.StartupInfoLogger [main] Running with Spring Boot v2.2.2.RELEASE, Spring v5.2.2.RELEASE
2020-01-05 15:18:35,847 INFO org.springframework.boot.SpringApplication [main] No active profile set, falling back to default profiles: default
2020-01-05 15:18:38,403 INFO org.springframework.boot.StartupInfoLogger [main] Started BlogApp in 2.865 seconds (JVM running for 3.363)
2020-01-05 15:18:56,829 DEBUG net.blog.post.controller.PostsController [http-nio-8080-exec-1] debug info
2020-01-05 15:18:56,830 INFO net.blog.post.controller.PostsController [http-nio-8080-exec-1] insert in home
2020-01-05 15:18:57,286 DEBUG net.blog.post.controller.PostsController [http-nio-8080-exec-2] debug info
2020-01-05 15:18:57,286 INFO net.blog.post.controller.PostsController [http-nio-8080-exec-2] insert in home
2020-01-05 15:19:11,107 DEBUG net.blog.post.controller.PostsController [http-nio-8080-exec-5] debug info
2020-01-05 15:19:11,107 INFO net.blog.post.controller.PostsController [http-nio-8080-exec-5] insert in home
2020-01-05 15:19:56,246 INFO org.springframework.boot.StartupInfoLogger [main] Starting BlogApp on shiw-Vostro-3478 with PID 4448 (/home/shiw/IdeaProjects/demoBlog**/target/classes started by shiw in /home/shiw/IdeaProjects/demoBlog**)
2020-01-05 15:19:56,247 DEBUG org.springframework.boot.StartupInfoLogger [main] Running with Spring Boot v2.2.2.RELEASE, Spring v5.2.2.RELEASE
2020-01-05 15:19:56,248 INFO org.springframework.boot.SpringApplication [main] No active profile set, falling back to default profiles: default
2020-01-05 15:19:58,851 INFO org.springframework.boot.StartupInfoLogger [main] Started BlogApp in 2.902 seconds (JVM running for 3.342)
2020-01-05 15:20:07,402 DEBUG net.blog.post.controller.PostsController [http-nio-8080-exec-1] debug info
2020-01-05 15:20:07,403 INFO net.blog.post.controller.PostsController [http-nio-8080-exec-1] insert in home
2020-01-05 15:20:07,827 DEBUG net.blog.post.controller.PostsController [http-nio-8080-exec-2] debug info
2020-01-05 15:20:07,827 INFO net.blog.post.controller.PostsController [http-nio-8080-exec-2] insert in home
2020-01-05 15:59:07,291 INFO org.springframework.boot.StartupInfoLogger [main] Starting BlogApp on shiw-Vostro-3478 with PID 5166 (/home/shiw/IdeaProjects/demoBlog**/target/classes started by shiw in /home/shiw/IdeaProjects/demoBlog**)
2020-01-05 15:59:07,292 DEBUG org.springframework.boot.StartupInfoLogger [main] Running with Spring Boot v2.2.2.RELEASE, Spring v5.2.2.RELEASE
2020-01-05 15:59:07,292 INFO org.springframework.boot.SpringApplication [main] No active profile set, falling back to default profiles: default
2020-01-05 15:59:09,868 INFO org.springframework.boot.StartupInfoLogger [main] Started BlogApp in 2.88 seconds (JVM running for 3.329)
2020-01-05 15:59:19,781 DEBUG net.blog.post.controller.PostsController [http-nio-8080-exec-1] debug info
2020-01-05 15:59:19,781 INFO net.blog.post.controller.PostsController [http-nio-8080-exec-1] insert in home
2020-01-05 15:59:20,221 DEBUG net.blog.post.controller.PostsController [http-nio-8080-exec-2] debug info
2020-01-05 15:59:20,222 INFO net.blog.post.controller.PostsController [http-nio-8080-exec-2] insert in home
2020-01-05 16:11:29,693 DEBUG net.blog.post.controller.PostsController [http-nio-8080-exec-10] debug info
2020-01-05 16:11:29,693 INFO net.blog.post.controller.PostsController [http-nio-8080-exec-10] insert in home
2020-01-05 16:11:29,958 DEBUG net.blog.post.controller.PostsController [http-nio-8080-exec-1] debug info
2020-01-05 16:11:29,958 INFO net.blog.post.controller.PostsController [http-nio-8080-exec-1] insert in home
2020-01-05 16:11:49,511 DEBUG net.blog.post.controller.PostsController [http-nio-8080-exec-5] debug info
2020-01-05 16:11:49,511 INFO net.blog.post.controller.PostsController [http-nio-8080-exec-5] insert in home
2020-01-05 16:13:57,294 DEBUG net.blog.post.controller.PostsController [http-nio-8080-exec-10] debug info
2020-01-05 16:13:57,294 INFO net.blog.post.controller.PostsController [http-nio-8080-exec-10] insert in home
2020-01-05 16:14:15,410 DEBUG net.blog.post.controller.PostsController [http-nio-8080-exec-2] debug info
2020-01-05 16:14:15,410 INFO net.blog.post.controller.PostsController [http-nio-8080-exec-2] insert in home
2020-01-05 16:29:19,275 INFO org.springframework.boot.StartupInfoLogger [main] Starting BlogApp on shiw-Vostro-3478 with PID 6241 (/home/shiw/IdeaProjects/demoBlog**/target/classes started by shiw in /home/shiw/IdeaProjects/demoBlog**)
2020-01-05 16:29:19,276 DEBUG org.springframework.boot.StartupInfoLogger [main] Running with Spring Boot v2.2.2.RELEASE, Spring v5.2.2.RELEASE
2020-01-05 16:29:19,277 INFO org.springframework.boot.SpringApplication [main] No active profile set, falling back to default profiles: default
2020-01-05 16:29:21,815 INFO org.springframework.boot.StartupInfoLogger [main] Started BlogApp in 2.824 seconds (JVM running for 3.251)
2020-01-05 16:29:25,598 DEBUG net.blog.post.controller.PostsController [http-nio-8080-exec-1] debug info
2020-01-05 16:29:25,598 INFO net.blog.post.controller.PostsController [http-nio-8080-exec-1] insert in home
2020-01-05 16:29:35,295 DEBUG net.blog.post.controller.PostsController [http-nio-8080-exec-5] debug info
2020-01-05 16:29:35,296 INFO net.blog.post.controller.PostsController [http-nio-8080-exec-5] insert in home
2020-01-05 16:29:48,695 DEBUG net.blog.post.controller.PostsController [http-nio-8080-exec-8] debug info
2020-01-05 16:29:48,696 INFO net.blog.post.controller.PostsController [http-nio-8080-exec-8] insert in home
2020-01-05 16:31:11,009 INFO org.springframework.boot.StartupInfoLogger [main] Starting BlogApp on shiw-Vostro-3478 with PID 6460 (/home/shiw/IdeaProjects/demoBlog**/target/classes started by shiw in /home/shiw/IdeaProjects/demoBlog**)
2020-01-05 16:31:11,011 DEBUG org.springframework.boot.StartupInfoLogger [main] Running with Spring Boot v2.2.2.RELEASE, Spring v5.2.2.RELEASE
2020-01-05 16:31:11,011 INFO org.springframework.boot.SpringApplication [main] No active profile set, falling back to default profiles: default
2020-01-05 16:32:25,023 INFO org.springframework.boot.StartupInfoLogger [main] Starting BlogApp on shiw-Vostro-3478 with PID 6575 (/home/shiw/IdeaProjects/demoBlog**/target/classes started by shiw in /home/shiw/IdeaProjects/demoBlog**)
2020-01-05 16:32:25,024 DEBUG org.springframework.boot.StartupInfoLogger [main] Running with Spring Boot v2.2.2.RELEASE, Spring v5.2.2.RELEASE
2020-01-05 16:32:25,024 INFO org.springframework.boot.SpringApplication [main] No active profile set, falling back to default profiles: default
2020-01-05 16:32:27,594 INFO org.springframework.boot.StartupInfoLogger [main] Started BlogApp in 2.869 seconds (JVM running for 3.323)
2020-01-05 16:32:34,401 DEBUG net.blog.post.controller.PostsController [http-nio-8080-exec-1] debug info
2020-01-05 16:32:34,402 INFO net.blog.post.controller.PostsController [http-nio-8080-exec-1] insert in home
2020-01-05 16:32:34,849 DEBUG net.blog.post.controller.PostsController [http-nio-8080-exec-2] debug info
2020-01-05 16:32:34,849 INFO net.blog.post.controller.PostsController [http-nio-8080-exec-2] insert in home
2020-01-05 16:32:39,252 DEBUG net.blog.post.controller.PostsController [http-nio-8080-exec-4] debug info
2020-01-05 16:32:39,252 INFO net.blog.post.controller.PostsController [http-nio-8080-exec-4] insert in home
2020-01-05 16:38:17,899 INFO org.springframework.boot.StartupInfoLogger [main] Starting BlogApp on shiw-Vostro-3478 with PID 7055 (/home/shiw/IdeaProjects/demoBlog**/target/classes started by shiw in /home/shiw/IdeaProjects/demoBlog**)
2020-01-05 16:38:17,900 DEBUG org.springframework.boot.StartupInfoLogger [main] Running with Spring Boot v2.2.2.RELEASE, Spring v5.2.2.RELEASE
2020-01-05 16:38:17,900 INFO org.springframework.boot.SpringApplication [main] No active profile set, falling back to default profiles: default
2020-01-05 16:38:20,727 INFO org.springframework.boot.StartupInfoLogger [main] Started BlogApp in 3.17 seconds (JVM running for 3.658)
2020-01-05 16:38:20,956 DEBUG net.blog.post.controller.PostsController [http-nio-8080-exec-1] debug info
2020-01-05 16:38:20,957 INFO net.blog.post.controller.PostsController [http-nio-8080-exec-1] insert in home
2020-01-05 16:38:27,732 DEBUG net.blog.post.controller.PostsController [http-nio-8080-exec-3] debug info
2020-01-05 16:38:27,732 INFO net.blog.post.controller.PostsController [http-nio-8080-exec-3] insert in home
2020-01-05 16:40:16,136 INFO org.springframework.boot.StartupInfoLogger [main] Starting BlogApp on shiw-Vostro-3478 with PID 7245 (/home/shiw/IdeaProjects/demoBlog**/target/classes started by shiw in /home/shiw/IdeaProjects/demoBlog**)
2020-01-05 16:40:16,137 DEBUG org.springframework.boot.StartupInfoLogger [main] Running with Spring Boot v2.2.2.RELEASE, Spring v5.2.2.RELEASE
2020-01-05 16:40:16,138 INFO org.springframework.boot.SpringApplication [main] No active profile set, falling back to default profiles: default
2020-01-05 16:40:18,674 INFO org.springframework.boot.StartupInfoLogger [main] Started BlogApp in 2.842 seconds (JVM running for 3.273)
2020-01-05 16:40:29,492 DEBUG net.blog.post.controller.PostsController [http-nio-8080-exec-4] debug info
2020-01-05 16:40:29,492 INFO net.blog.post.controller.PostsController [http-nio-8080-exec-4] insert in home
2020-01-05 23:46:54,347 INFO org.springframework.boot.StartupInfoLogger [main] Starting BlogApp on shiw-Vostro-3478 with PID 13530 (/home/shiw/IdeaProjects/demoBlog**/target/classes started by shiw in /home/shiw/IdeaProjects/demoBlog**)
2020-01-05 23:46:54,349 DEBUG org.springframework.boot.StartupInfoLogger [main] Running with Spring Boot v2.2.2.RELEASE, Spring v5.2.2.RELEASE
2020-01-05 23:46:54,349 INFO org.springframework.boot.SpringApplication [main] No active profile set, falling back to default profiles: default
2020-01-05 23:49:00,765 INFO org.springframework.boot.StartupInfoLogger [main] Starting BlogApp on shiw-Vostro-3478 with PID 13796 (/home/shiw/IdeaProjects/demoBlog**/target/classes started by shiw in /home/shiw/IdeaProjects/demoBlog**)
2020-01-05 23:49:00,766 DEBUG org.springframework.boot.StartupInfoLogger [main] Running with Spring Boot v2.2.2.RELEASE, Spring v5.2.2.RELEASE
2020-01-05 23:49:00,767 INFO org.springframework.boot.SpringApplication [main] No active profile set, falling back to default profiles: default
2020-01-05 23:49:03,349 INFO org.springframework.boot.StartupInfoLogger [main] Started BlogApp in 2.891 seconds (JVM running for 3.433)
2020-01-05 23:51:13,692 DEBUG net.blog.post.controller.PostsController [http-nio-8080-exec-1] debug info
2020-01-05 23:51:13,693 INFO net.blog.post.controller.PostsController [http-nio-8080-exec-1] insert in home
2020-01-05 23:51:14,147 DEBUG net.blog.post.controller.PostsController [http-nio-8080-exec-2] debug info
2020-01-05 23:51:14,147 INFO net.blog.post.controller.PostsController [http-nio-8080-exec-2] insert in home
2020-01-05 23:55:49,281 INFO org.springframework.boot.StartupInfoLogger [main] Starting BlogApp on shiw-Vostro-3478 with PID 14714 (/home/shiw/IdeaProjects/demoBlog**/target/classes started by shiw in /home/shiw/IdeaProjects/demoBlog**)
2020-01-05 23:55:49,282 DEBUG org.springframework.boot.StartupInfoLogger [main] Running with Spring Boot v2.2.2.RELEASE, Spring v5.2.2.RELEASE
2020-01-05 23:55:49,283 INFO org.springframework.boot.SpringApplication [main] No active profile set, falling back to default profiles: default
2020-01-05 23:55:51,887 INFO org.springframework.boot.StartupInfoLogger [main] Started BlogApp in 2.902 seconds (JVM running for 3.317)
2020-01-05 23:56:02,020 DEBUG net.blog.post.controller.PostsController [http-nio-8080-exec-1] debug info
2020-01-05 23:56:02,021 INFO net.blog.post.controller.PostsController [http-nio-8080-exec-1] insert in home
2020-01-05 23:56:11,157 DEBUG net.blog.post.controller.PostsController [http-nio-8080-exec-4] debug info
2020-01-05 23:56:11,157 INFO net.blog.post.controller.PostsController [http-nio-8080-exec-4] insert in home
2020-01-05 23:56:14,898 DEBUG net.blog.post.controller.PostsController [http-nio-8080-exec-6] debug info
2020-01-05 23:56:14,899 INFO net.blog.post.controller.PostsController [http-nio-8080-exec-6] insert in home
2020-01-05 23:56:17,243 DEBUG net.blog.post.controller.PostsController [http-nio-8080-exec-9] debug info
2020-01-05 23:56:17,244 INFO net.blog.post.controller.PostsController [http-nio-8080-exec-9] insert in home
2020-01-06 15:54:52,910 INFO org.springframework.boot.StartupInfoLogger [main] Starting BlogApp on shiw-Vostro-3478 with PID 8095 (/home/shiw/IdeaProjects/demoBlog**/target/classes started by shiw in /home/shiw/IdeaProjects/demoBlog**)
2020-01-06 15:54:52,912 DEBUG org.springframework.boot.StartupInfoLogger [main] Running with Spring Boot v2.2.2.RELEASE, Spring v5.2.2.RELEASE
2020-01-06 15:54:52,912 INFO org.springframework.boot.SpringApplication [main] No active profile set, falling back to default profiles: default
2020-01-06 15:55:12,872 INFO org.springframework.boot.StartupInfoLogger [main] Starting BlogApp on shiw-Vostro-3478 with PID 8209 (/home/shiw/IdeaProjects/demoBlog**/target/classes started by shiw in /home/shiw/IdeaProjects/demoBlog**)
2020-01-06 15:55:12,873 DEBUG org.springframework.boot.StartupInfoLogger [main] Running with Spring Boot v2.2.2.RELEASE, Spring v5.2.2.RELEASE
2020-01-06 15:55:12,873 INFO org.springframework.boot.SpringApplication [main] No active profile set, falling back to default profiles: default
2020-01-06 15:55:15,498 INFO org.springframework.boot.StartupInfoLogger [main] Started BlogApp in 2.899 seconds (JVM running for 3.402)
2020-01-06 15:55:24,662 DEBUG net.blog.post.controller.PostsController [http-nio-8081-exec-1] debug info
2020-01-06 15:55:24,663 INFO net.blog.post.controller.PostsController [http-nio-8081-exec-1] insert in home
2020-01-06 16:04:47,554 INFO org.springframework.boot.StartupInfoLogger [main] Starting BlogApp on shiw-Vostro-3478 with PID 9025 (/home/shiw/IdeaProjects/demoBlog**/target/classes started by shiw in /home/shiw/IdeaProjects/demoBlog**)
2020-01-06 16:04:47,555 DEBUG org.springframework.boot.StartupInfoLogger [main] Running with Spring Boot v2.2.2.RELEASE, Spring v5.2.2.RELEASE
2020-01-06 16:04:47,556 INFO org.springframework.boot.SpringApplication [main] No active profile set, falling back to default profiles: default
2020-01-06 16:04:50,179 INFO org.springframework.boot.StartupInfoLogger [main] Started BlogApp in 2.916 seconds (JVM running for 3.418)
2020-01-06 16:09:12,119 INFO org.springframework.boot.StartupInfoLogger [main] Starting BlogAppTests on shiw-Vostro-3478 with PID 9526 (started by shiw in /home/shiw/IdeaProjects/demoBlog**)
2020-01-06 16:09:12,121 DEBUG org.springframework.boot.StartupInfoLogger [main] Running with Spring Boot v2.2.2.RELEASE, Spring v5.2.2.RELEASE
2020-01-06 16:09:12,123 INFO org.springframework.boot.SpringApplication [main] No active profile set, falling back to default profiles: default
2020-01-06 16:09:14,061 INFO org.springframework.boot.StartupInfoLogger [main] Starting BlogAppTests on shiw-Vostro-3478 with PID 9571 (started by shiw in /home/shiw/IdeaProjects/demoBlog**)
2020-01-06 16:09:14,062 DEBUG org.springframework.boot.StartupInfoLogger [main] Running with Spring Boot v2.2.2.RELEASE, Spring v5.2.2.RELEASE
2020-01-06 16:09:14,063 INFO org.springframework.boot.SpringApplication [main] No active profile set, falling back to default profiles: default
2020-01-06 16:09:18,858 INFO org.springframework.boot.StartupInfoLogger [main] Started BlogAppTests in 7.105 seconds (JVM running for 8.368)
2020-01-06 16:09:18,860 INFO org.springframework.boot.StartupInfoLogger [main] Started BlogAppTests in 5.155 seconds (JVM running for 6.116)
2020-01-06 16:25:09,286 INFO org.springframework.boot.StartupInfoLogger [main] Starting BlogApp v0.0.1-SNAPSHOT on shiw-Vostro-3478 with PID 11520 (/home/shiw/IdeaProjects/demoBlog**/target/demo-0.0.1-SNAPSHOT.jar started by shiw in /home/shiw/IdeaProjects/demoBlog**)
2020-01-06 16:25:09,287 DEBUG org.springframework.boot.StartupInfoLogger [main] Running with Spring Boot v2.2.2.RELEASE, Spring v5.2.2.RELEASE
2020-01-06 16:25:09,288 INFO org.springframework.boot.SpringApplication [main] No active profile set, falling back to default profiles: default
2020-01-06 16:25:13,687 INFO org.springframework.boot.StartupInfoLogger [main] Started BlogApp in 4.877 seconds (JVM running for 5.288)
2020-01-06 16:25:24,421 DEBUG net.blog.post.controller.PostsController [http-nio-8081-exec-1] debug info
2020-01-06 16:25:24,422 INFO net.blog.post.controller.PostsController [http-nio-8081-exec-1] insert in home
2020-01-06 16:26:46,383 INFO org.springframework.boot.StartupInfoLogger [main] Starting BlogAppTests on shiw-Vostro-3478 with PID 11795 (started by shiw in /home/shiw/IdeaProjects/demoBlog**)
2020-01-06 16:26:46,385 DEBUG org.springframework.boot.StartupInfoLogger [main] Running with Spring Boot v2.2.2.RELEASE, Spring v5.2.2.RELEASE
2020-01-06 16:26:46,386 INFO org.springframework.boot.SpringApplication [main] No active profile set, falling back to default profiles: default
2020-01-06 16:26:49,963 INFO org.springframework.boot.StartupInfoLogger [main] Started BlogAppTests in 3.884 seconds (JVM running for 4.764)
2020-01-06 16:28:20,884 INFO org.springframework.boot.StartupInfoLogger [main] Starting BlogApp on shiw-Vostro-3478 with PID 11983 (/home/shiw/IdeaProjects/demoBlog**/target/classes started by shiw in /home/shiw/IdeaProjects/demoBlog**)
2020-01-06 16:28:20,885 DEBUG org.springframework.boot.StartupInfoLogger [main] Running with Spring Boot v2.2.2.RELEASE, Spring v5.2.2.RELEASE
2020-01-06 16:28:20,885 INFO org.springframework.boot.SpringApplication [main] No active profile set, falling back to default profiles: default
2020-01-06 16:28:49,691 INFO org.springframework.boot.StartupInfoLogger [main] Starting BlogApp on shiw-Vostro-3478 with PID 12093 (/home/shiw/IdeaProjects/demoBlog**/target/classes started by shiw in /home/shiw/IdeaProjects/demoBlog**)
2020-01-06 16:28:49,693 DEBUG org.springframework.boot.StartupInfoLogger [main] Running with Spring Boot v2.2.2.RELEASE, Spring v5.2.2.RELEASE
2020-01-06 16:28:49,694 INFO org.springframework.boot.SpringApplication [main] No active profile set, falling back to default profiles: default
2020-01-06 16:28:52,302 INFO org.springframework.boot.StartupInfoLogger [main] Started BlogApp in 2.907 seconds (JVM running for 3.332)
2020-01-06 16:29:02,667 DEBUG net.blog.post.controller.PostsController [http-nio-8081-exec-1] debug info
2020-01-06 16:29:02,668 INFO net.blog.post.controller.PostsController [http-nio-8081-exec-1] insert in home
2020-01-06 16:29:34,343 INFO org.springframework.boot.StartupInfoLogger [main] Starting BlogAppTests on shiw-Vostro-3478 with PID 12557 (started by shiw in /home/shiw/IdeaProjects/demoBlog**)
2020-01-06 16:29:34,344 DEBUG org.springframework.boot.StartupInfoLogger [main] Running with Spring Boot v2.2.2.RELEASE, Spring v5.2.2.RELEASE
2020-01-06 16:29:34,345 INFO org.springframework.boot.SpringApplication [main] No active profile set, falling back to default profiles: default
2020-01-06 16:29:37,549 INFO org.springframework.boot.StartupInfoLogger [main] Started BlogAppTests in 3.486 seconds (JVM running for 4.372)
2020-01-06 16:31:32,500 INFO org.springframework.boot.StartupInfoLogger [main] Starting BlogAppTests on shiw-Vostro-3478 with PID 12853 (started by shiw in /home/shiw/IdeaProjects/demoBlog**)
2020-01-06 16:31:32,501 DEBUG org.springframework.boot.StartupInfoLogger [main] Running with Spring Boot v2.2.2.RELEASE, Spring v5.2.2.RELEASE
2020-01-06 16:31:32,502 INFO org.springframework.boot.SpringApplication [main] No active profile set, falling back to default profiles: default
2020-01-06 16:31:36,164 INFO org.springframework.boot.StartupInfoLogger [main] Started BlogAppTests in 3.993 seconds (JVM running for 4.897)
2020-01-06 16:32:14,313 INFO org.springframework.boot.StartupInfoLogger [main] Starting BlogAppTests on shiw-Vostro-3478 with PID 13037 (started by shiw in /home/shiw/IdeaProjects/demoBlog**)
2020-01-06 16:32:14,314 DEBUG org.springframework.boot.StartupInfoLogger [main] Running with Spring Boot v2.2.2.RELEASE, Spring v5.2.2.RELEASE
2020-01-06 16:32:14,315 INFO org.springframework.boot.SpringApplication [main] No active profile set, falling back to default profiles: default
2020-01-06 16:32:17,857 INFO org.springframework.boot.StartupInfoLogger [main] Started BlogAppTests in 3.88 seconds (JVM running for 4.71)
2020-01-06 16:32:29,878 INFO org.springframework.boot.StartupInfoLogger [main] Starting BlogAppTests on shiw-Vostro-3478 with PID 13160 (started by shiw in /home/shiw/IdeaProjects/demoBlog**)
2020-01-06 16:32:29,879 DEBUG org.springframework.boot.StartupInfoLogger [main] Running with Spring Boot v2.2.2.RELEASE, Spring v5.2.2.RELEASE
2020-01-06 16:32:29,880 INFO org.springframework.boot.SpringApplication [main] No active profile set, falling back to default profiles: default
2020-01-06 16:32:33,614 INFO org.springframework.boot.StartupInfoLogger [main] Started BlogAppTests in 4.041 seconds (JVM running for 4.994)
2020-01-06 16:41:54,841 INFO org.springframework.boot.StartupInfoLogger [main] Starting BlogAppTests on shiw-Vostro-3478 with PID 13797 (started by shiw in /home/shiw/IdeaProjects/demoBlog**)
2020-01-06 16:41:54,842 DEBUG org.springframework.boot.StartupInfoLogger [main] Running with Spring Boot v2.2.2.RELEASE, Spring v5.2.2.RELEASE
2020-01-06 16:41:54,843 INFO org.springframework.boot.SpringApplication [main] No active profile set, falling back to default profiles: default
2020-01-06 16:41:58,288 INFO org.springframework.boot.StartupInfoLogger [main] Started BlogAppTests in 3.77 seconds (JVM running for 4.693)
2020-01-06 16:42:11,634 INFO org.springframework.boot.StartupInfoLogger [main] Starting BlogAppTests on shiw-Vostro-3478 with PID 13925 (started by shiw in /home/shiw/IdeaProjects/demoBlog**)
2020-01-06 16:42:11,635 DEBUG org.springframework.boot.StartupInfoLogger [main] Running with Spring Boot v2.2.2.RELEASE, Spring v5.2.2.RELEASE
2020-01-06 16:42:11,636 INFO org.springframework.boot.SpringApplication [main] No active profile set, falling back to default profiles: default
2020-01-06 16:42:15,325 INFO org.springframework.boot.StartupInfoLogger [main] Started BlogAppTests in 4.008 seconds (JVM running for 4.853)
2020-01-06 16:42:29,476 INFO org.springframework.boot.StartupInfoLogger [main] Starting BlogAppTests on shiw-Vostro-3478 with PID 14061 (started by shiw in /home/shiw/IdeaProjects/demoBlog**)
2020-01-06 16:42:29,478 DEBUG org.springframework.boot.StartupInfoLogger [main] Running with Spring Boot v2.2.2.RELEASE, Spring v5.2.2.RELEASE
2020-01-06 16:42:29,479 INFO org.springframework.boot.SpringApplication [main] No active profile set, falling back to default profiles: default
2020-01-06 16:42:32,951 INFO org.springframework.boot.StartupInfoLogger [main] Started BlogAppTests in 3.817 seconds (JVM running for 4.62)
2020-01-06 16:46:26,299 INFO org.springframework.boot.StartupInfoLogger [main] Starting BlogAppTests on shiw-Vostro-3478 with PID 14422 (started by shiw in /home/shiw/IdeaProjects/demoBlog**)
2020-01-06 16:46:26,301 DEBUG org.springframework.boot.StartupInfoLogger [main] Running with Spring Boot v2.2.2.RELEASE, Spring v5.2.2.RELEASE
2020-01-06 16:46:26,301 INFO org.springframework.boot.SpringApplication [main] No active profile set, falling back to default profiles: default
2020-01-06 16:46:29,875 INFO org.springframework.boot.StartupInfoLogger [main] Started BlogAppTests in 3.903 seconds (JVM running for 4.701)
2020-01-06 16:46:40,455 INFO org.springframework.boot.StartupInfoLogger [main] Starting BlogAppTests on shiw-Vostro-3478 with PID 14552 (started by shiw in /home/shiw/IdeaProjects/demoBlog**)
2020-01-06 16:46:40,457 DEBUG org.springframework.boot.StartupInfoLogger [main] Running with Spring Boot v2.2.2.RELEASE, Spring v5.2.2.RELEASE
2020-01-06 16:46:40,458 INFO org.springframework.boot.SpringApplication [main] No active profile set, falling back to default profiles: default
2020-01-06 16:46:44,245 INFO org.springframework.boot.StartupInfoLogger [main] Started BlogAppTests in 4.128 seconds (JVM running for 5.003)
2020-01-06 16:49:31,419 INFO org.springframework.boot.StartupInfoLogger [main] Starting BlogAppTests on shiw-Vostro-3478 with PID 14866 (started by shiw in /home/shiw/IdeaProjects/demoBlog)
2020-01-06 16:49:31,420 DEBUG org.springframework.boot.StartupInfoLogger [main] Running with Spring Boot v2.2.2.RELEASE, Spring v5.2.2.RELEASE
2020-01-06 16:49:31,421 INFO org.springframework.boot.SpringApplication [main] No active profile set, falling back to default profiles: default
2020-01-06 16:49:35,156 INFO org.springframework.boot.StartupInfoLogger [main] Started BlogAppTests in 4.054 seconds (JVM running for 4.892)
2020-01-06 16:49:44,729 INFO org.springframework.boot.StartupInfoLogger [main] Starting BlogAppTests on shiw-Vostro-3478 with PID 14993 (started by shiw in /home/shiw/IdeaProjects/demoBlog)
2020-01-06 16:49:44,731 DEBUG org.springframework.boot.StartupInfoLogger [main] Running with Spring Boot v2.2.2.RELEASE, Spring v5.2.2.RELEASE
2020-01-06 16:49:44,732 INFO org.springframework.boot.SpringApplication [main] No active profile set, falling back to default profiles: default
2020-01-06 16:49:48,461 INFO org.springframework.boot.StartupInfoLogger [main] Started BlogAppTests in 4.038 seconds (JVM running for 4.836)
2020-01-06 16:55:38,314 INFO org.springframework.boot.StartupInfoLogger [main] Starting BlogAppTests on shiw-Vostro-3478 with PID 15242 (started by shiw in /home/shiw/IdeaProjects/demoBlog)
2020-01-06 16:55:38,316 DEBUG org.springframework.boot.StartupInfoLogger [main] Running with Spring Boot v2.2.2.RELEASE, Spring v5.2.2.RELEASE
2020-01-06 16:55:38,317 INFO org.springframework.boot.SpringApplication [main] No active profile set, falling back to default profiles: default
2020-01-06 16:55:41,965 INFO org.springframework.boot.StartupInfoLogger [main] Started BlogAppTests in 3.952 seconds (JVM running for 4.779)
2020-01-06 17:02:07,708 INFO org.springframework.boot.StartupInfoLogger [main] Starting BlogApp on shiw-Vostro-3478 with PID 15598 (/home/shiw/IdeaProjects/demoBlog/target/classes started by shiw in /home/shiw/IdeaProjects/demoBlog)
2020-01-06 17:02:07,709 DEBUG org.springframework.boot.StartupInfoLogger [main] Running with Spring Boot v2.2.2.RELEASE, Spring v5.2.2.RELEASE
2020-01-06 17:02:07,710 INFO org.springframework.boot.SpringApplication [main] No active profile set, falling back to default profiles: default
2020-01-06 17:02:10,313 INFO org.springframework.boot.StartupInfoLogger [main] Started BlogApp in 2.902 seconds (JVM running for 3.416)
2020-01-06 17:02:16,556 DEBUG net.blog.post.controller.PostsController [http-nio-8081-exec-1] debug info
2020-01-06 17:02:16,557 INFO net.blog.post.controller.PostsController [http-nio-8081-exec-1] insert in home
2020-01-06 17:02:40,478 INFO org.springframework.boot.StartupInfoLogger [main] Starting BlogAppTests on shiw-Vostro-3478 with PID 15827 (started by shiw in /home/shiw/IdeaProjects/demoBlog)
2020-01-06 17:02:40,480 DEBUG org.springframework.boot.StartupInfoLogger [main] Running with Spring Boot v2.2.2.RELEASE, Spring v5.2.2.RELEASE
2020-01-06 17:02:40,481 INFO org.springframework.boot.SpringApplication [main] No active profile set, falling back to default profiles: default
2020-01-06 17:02:44,077 INFO org.springframework.boot.StartupInfoLogger [main] Started BlogAppTests in 3.91 seconds (JVM running for 4.767)
2020-01-06 17:03:40,088 INFO org.springframework.boot.StartupInfoLogger [main] Starting BlogAppTests on shiw-Vostro-3478 with PID 15973 (started by shiw in /home/shiw/IdeaProjects/demoBlog)
2020-01-06 17:03:40,090 DEBUG org.springframework.boot.StartupInfoLogger [main] Running with Spring Boot v2.2.2.RELEASE, Spring v5.2.2.RELEASE
2020-01-06 17:03:40,091 INFO org.springframework.boot.SpringApplication [main] No active profile set, falling back to default profiles: default
2020-01-06 17:03:43,762 INFO org.springframework.boot.StartupInfoLogger [main] Started BlogAppTests in 3.995 seconds (JVM running for 4.935)
2020-01-06 17:04:01,755 INFO org.springframework.boot.StartupInfoLogger [main] Starting BlogAppTests on shiw-Vostro-3478 with PID 16165 (started by shiw in /home/shiw/IdeaProjects/demoBlog)
2020-01-06 17:04:01,757 DEBUG org.springframework.boot.StartupInfoLogger [main] Running with Spring Boot v2.2.2.RELEASE, Spring v5.2.2.RELEASE
2020-01-06 17:04:01,758 INFO org.springframework.boot.SpringApplication [main] No active profile set, falling back to default profiles: default
2020-01-06 17:04:05,561 INFO org.springframework.boot.StartupInfoLogger [main] Started BlogAppTests in 4.158 seconds (JVM running for 5.087)
2020-01-06 17:04:39,005 INFO org.springframework.boot.StartupInfoLogger [main] Starting BlogAppTests on shiw-Vostro-3478 with PID 16302 (started by shiw in /home/shiw/IdeaProjects/demoBlog)
2020-01-06 17:04:39,006 DEBUG org.springframework.boot.StartupInfoLogger [main] Running with Spring Boot v2.2.2.RELEASE, Spring v5.2.2.RELEASE
2020-01-06 17:04:39,007 INFO org.springframework.boot.SpringApplication [main] No active profile set, falling back to default profiles: default
2020-01-06 17:04:42,513 INFO org.springframework.boot.StartupInfoLogger [main] Started BlogAppTests in 3.79 seconds (JVM running for 4.667)
2020-01-06 17:08:22,396 INFO org.springframework.boot.StartupInfoLogger [main] Starting BlogAppTests on shiw-Vostro-3478 with PID 16645 (started by shiw in /home/shiw/IdeaProjects/demoBlog)
2020-01-06 17:08:22,397 DEBUG org.springframework.boot.StartupInfoLogger [main] Running with Spring Boot v2.2.2.RELEASE, Spring v5.2.2.RELEASE
2020-01-06 17:08:22,398 INFO org.springframework.boot.SpringApplication [main] No active profile set, falling back to default profiles: default
2020-01-06 17:08:25,855 INFO org.springframework.boot.StartupInfoLogger [main] Started BlogAppTests in 3.77 seconds (JVM running for 4.75)
2020-01-06 17:08:35,671 INFO org.springframework.boot.StartupInfoLogger [main] Starting BlogAppTests on shiw-Vostro-3478 with PID 16784 (started by shiw in /home/shiw/IdeaProjects/demoBlog)
2020-01-06 17:08:35,673 DEBUG org.springframework.boot.StartupInfoLogger [main] Running with Spring Boot v2.2.2.RELEASE, Spring v5.2.2.RELEASE
2020-01-06 17:08:35,673 INFO org.springframework.boot.SpringApplication [main] No active profile set, falling back to default profiles: default
2020-01-06 17:08:39,078 INFO org.springframework.boot.StartupInfoLogger [main] Started BlogAppTests in 3.68 seconds (JVM running for 4.575)
2020-01-06 17:14:21,412 INFO org.springframework.boot.StartupInfoLogger [main] Starting BlogAppTests on shiw-Vostro-3478 with PID 17419 (started by shiw in /home/shiw/IdeaProjects/demoBlog)
2020-01-06 17:14:21,413 DEBUG org.springframework.boot.StartupInfoLogger [main] Running with Spring Boot v2.2.2.RELEASE, Spring v5.2.2.RELEASE
2020-01-06 17:14:21,414 INFO org.springframework.boot.SpringApplication [main] No active profile set, falling back to default profiles: default
2020-01-06 17:14:24,862 INFO org.springframework.boot.StartupInfoLogger [main] Started BlogAppTests in 3.768 seconds (JVM running for 4.656)
2020-01-06 17:14:34,218 INFO org.springframework.boot.StartupInfoLogger [main] Starting BlogAppTests on shiw-Vostro-3478 with PID 17541 (started by shiw in /home/shiw/IdeaProjects/demoBlog)
2020-01-06 17:14:34,219 DEBUG org.springframework.boot.StartupInfoLogger [main] Running with Spring Boot v2.2.2.RELEASE, Spring v5.2.2.RELEASE
2020-01-06 17:14:34,221 INFO org.springframework.boot.SpringApplication [main] No active profile set, falling back to default profiles: default
2020-01-06 17:14:37,647 INFO org.springframework.boot.StartupInfoLogger [main] Started BlogAppTests in 3.722 seconds (JVM running for 4.586)
2020-01-06 22:53:26,037 INFO org.springframework.boot.StartupInfoLogger [main] Starting BlogApp on shiw-Vostro-3478 with PID 18509 (/home/shiw/IdeaProjects/demoBlog/target/classes started by shiw in /home/shiw/IdeaProjects/demoBlog)
2020-01-06 22:53:26,078 DEBUG org.springframework.boot.StartupInfoLogger [main] Running with Spring Boot v2.2.2.RELEASE, Spring v5.2.2.RELEASE
2020-01-06 22:53:26,079 INFO org.springframework.boot.SpringApplication [main] No active profile set, falling back to default profiles: default
2020-01-06 22:53:31,480 INFO org.springframework.boot.StartupInfoLogger [main] Started BlogApp in 6.106 seconds (JVM running for 7.175)
2020-01-06 22:54:16,295 INFO org.springframework.boot.StartupInfoLogger [main] Starting BlogAppTests on shiw-Vostro-3478 with PID 18717 (started by shiw in /home/shiw/IdeaProjects/demoBlog)
2020-01-06 22:54:16,296 DEBUG org.springframework.boot.StartupInfoLogger [main] Running with Spring Boot v2.2.2.RELEASE, Spring v5.2.2.RELEASE
2020-01-06 22:54:16,298 INFO org.springframework.boot.SpringApplication [main] No active profile set, falling back to default profiles: default
2020-01-06 22:54:20,122 INFO org.springframework.boot.StartupInfoLogger [main] Started BlogAppTests in 4.137 seconds (JVM running for 5.104)
2020-01-06 22:54:40,375 INFO org.springframework.boot.StartupInfoLogger [main] Starting BlogAppTests on shiw-Vostro-3478 with PID 18867 (started by shiw in /home/shiw/IdeaProjects/demoBlog)
2020-01-06 22:54:40,377 DEBUG org.springframework.boot.StartupInfoLogger [main] Running with Spring Boot v2.2.2.RELEASE, Spring v5.2.2.RELEASE
2020-01-06 22:54:40,377 INFO org.springframework.boot.SpringApplication [main] No active profile set, falling back to default profiles: default
2020-01-06 22:54:43,593 INFO org.springframework.boot.StartupInfoLogger [main] Started BlogAppTests in 3.507 seconds (JVM running for 4.302)
2020-01-06 23:00:29,694 INFO org.springframework.boot.StartupInfoLogger [main] Starting BlogApp on shiw-Vostro-3478 with PID 19286 (/home/shiw/IdeaProjects/demoBlog/target/classes started by shiw in /home/shiw/IdeaProjects/demoBlog)
2020-01-06 23:00:29,696 DEBUG org.springframework.boot.StartupInfoLogger [main] Running with Spring Boot v2.2.2.RELEASE, Spring v5.2.2.RELEASE
2020-01-06 23:00:29,696 INFO org.springframework.boot.SpringApplication [main] No active profile set, falling back to default profiles: default
2020-01-06 23:00:32,367 INFO org.springframework.boot.StartupInfoLogger [main] Started BlogApp in 2.994 seconds (JVM running for 3.53)
2020-01-06 23:00:45,856 DEBUG net.blog.post.controller.PostsController [http-nio-8081-exec-1] debug info
2020-01-06 23:00:45,857 INFO net.blog.post.controller.PostsController [http-nio-8081-exec-1] insert in home
2020-01-06 23:00:46,327 DEBUG net.blog.post.controller.PostsController [http-nio-8081-exec-2] debug info
2020-01-06 23:00:46,327 INFO net.blog.post.controller.PostsController [http-nio-8081-exec-2] insert in home
2020-01-06 23:01:02,123 DEBUG net.blog.post.controller.PostsController [http-nio-8081-exec-5] debug info
2020-01-06 23:01:02,123 INFO net.blog.post.controller.PostsController [http-nio-8081-exec-5] insert in home
2020-01-06 23:02:44,427 INFO org.springframework.boot.StartupInfoLogger [main] Starting BlogApp on shiw-Vostro-3478 with PID 19596 (/home/shiw/IdeaProjects/demoBlog/target/classes started by shiw in /home/shiw/IdeaProjects/demoBlog)
2020-01-06 23:02:44,428 DEBUG org.springframework.boot.StartupInfoLogger [main] Running with Spring Boot v2.2.2.RELEASE, Spring v5.2.2.RELEASE
2020-01-06 23:02:44,429 INFO org.springframework.boot.SpringApplication [main] No active profile set, falling back to default profiles: default
2020-01-06 23:02:47,065 INFO org.springframework.boot.StartupInfoLogger [main] Started BlogApp in 2.907 seconds (JVM running for 3.381)
2020-01-06 23:02:54,019 DEBUG net.blog.post.controller.PostsController [http-nio-8081-exec-1] debug info
2020-01-06 23:02:54,020 INFO net.blog.post.controller.PostsController [http-nio-8081-exec-1] insert in home
2020-01-06 23:03:03,049 DEBUG net.blog.post.controller.PostsController [http-nio-8081-exec-4] debug info
2020-01-06 23:03:03,049 INFO net.blog.post.controller.PostsController [http-nio-8081-exec-4] insert in home
2020-01-06 23:03:13,408 DEBUG net.blog.post.controller.PostsController [http-nio-8081-exec-8] debug info
2020-01-06 23:03:13,409 INFO net.blog.post.controller.PostsController [http-nio-8081-exec-8] insert in home
2020-01-06 23:03:34,345 INFO org.springframework.boot.StartupInfoLogger [main] Starting BlogAppTests on shiw-Vostro-3478 with PID 19820 (started by shiw in /home/shiw/IdeaProjects/demoBlog)
2020-01-06 23:03:34,346 DEBUG org.springframework.boot.StartupInfoLogger [main] Running with Spring Boot v2.2.2.RELEASE, Spring v5.2.2.RELEASE
2020-01-06 23:03:34,346 INFO org.springframework.boot.SpringApplication [main] No active profile set, falling back to default profiles: default
2020-01-06 23:03:37,547 INFO org.springframework.boot.StartupInfoLogger [main] Started BlogAppTests in 3.488 seconds (JVM running for 4.32)
2020-01-06 23:04:05,022 INFO org.springframework.boot.StartupInfoLogger [main] Starting BlogAppTests on shiw-Vostro-3478 with PID 19975 (started by shiw in /home/shiw/IdeaProjects/demoBlog)
2020-01-06 23:04:05,023 DEBUG org.springframework.boot.StartupInfoLogger [main] Running with Spring Boot v2.2.2.RELEASE, Spring v5.2.2.RELEASE
2020-01-06 23:04:05,025 INFO org.springframework.boot.SpringApplication [main] No active profile set, falling back to default profiles: default
2020-01-06 23:04:08,261 INFO org.springframework.boot.StartupInfoLogger [main] Started BlogAppTests in 3.532 seconds (JVM running for 4.369)
2020-01-06 23:23:28,241 INFO org.springframework.boot.StartupInfoLogger [main] Starting BlogApp on shiw-Vostro-3478 with PID 10379 (/home/shiw/IdeaProjects/demoBlog/target/classes started by shiw in /home/shiw/IdeaProjects/demoBlog)
2020-01-06 23:23:28,297 DEBUG org.springframework.boot.StartupInfoLogger [main] Running with Spring Boot v2.2.2.RELEASE, Spring v5.2.2.RELEASE
2020-01-06 23:23:28,297 INFO org.springframework.boot.SpringApplication [main] No active profile set, falling back to default profiles: default
2020-01-06 23:23:29,122 INFO org.springframework.boot.StartupInfoLogger [main] Starting BlogAppTests on shiw-Vostro-3478 with PID 10424 (started by shiw in /home/shiw/IdeaProjects/demoBlog)
2020-01-06 23:23:29,125 DEBUG org.springframework.boot.StartupInfoLogger [main] Running with Spring Boot v2.2.2.RELEASE, Spring v5.2.2.RELEASE
2020-01-06 23:23:29,126 INFO org.springframework.boot.SpringApplication [main] No active profile set, falling back to default profiles: default
2020-01-06 23:23:36,255 INFO org.springframework.boot.StartupInfoLogger [main] Started BlogApp in 9.322 seconds (JVM running for 11.871)
2020-01-06 23:23:36,578 DEBUG net.blog.post.controller.PostsController [http-nio-8081-exec-1] debug info
2020-01-06 23:23:36,579 INFO net.blog.post.controller.PostsController [http-nio-8081-exec-1] insert in home
2020-01-06 23:23:37,184 INFO org.springframework.boot.StartupInfoLogger [main] Started BlogAppTests in 8.754 seconds (JVM running for 10.992)
2020-01-06 23:24:17,213 INFO org.springframework.boot.StartupInfoLogger [main] Starting BlogAppTests on shiw-Vostro-3478 with PID 10924 (started by shiw in /home/shiw/IdeaProjects/demoBlog)
2020-01-06 23:24:17,215 DEBUG org.springframework.boot.StartupInfoLogger [main] Running with Spring Boot v2.2.2.RELEASE, Spring v5.2.2.RELEASE
2020-01-06 23:24:17,216 INFO org.springframework.boot.SpringApplication [main] No active profile set, falling back to default profiles: default
2020-01-06 23:24:20,966 INFO org.springframework.boot.StartupInfoLogger [main] Started BlogAppTests in 4.205 seconds (JVM running for 5.042)
