2020-01-04 10:18:23,036 INFO org.springframework.boot.StartupInfoLogger [main] Starting BlogApp on shiw-Vostro-3478 with PID 8036 (/home/shiw/IdeaProjects/demoBlog**/target/classes started by shiw in /home/shiw/IdeaProjects/demoBlog**)
2020-01-04 10:18:23,039 DEBUG org.springframework.boot.StartupInfoLogger [main] Running with Spring Boot v2.2.2.RELEASE, Spring v5.2.2.RELEASE
2020-01-04 10:18:23,040 INFO org.springframework.boot.SpringApplication [main] No active profile set, falling back to default profiles: default
2020-01-04 10:18:35,603 INFO org.springframework.boot.StartupInfoLogger [main] Started BlogApp in 15.45 seconds (JVM running for 18.387)
2020-01-04 10:19:33,458 DEBUG net.blog.post.controller.PostsController [http-nio-8080-exec-1] debug info
2020-01-04 10:19:33,461 INFO net.blog.post.controller.PostsController [http-nio-8080-exec-1] insert in home
2020-01-04 10:19:47,932 ERROR net.blog.post.controller.PostsController [http-nio-8080-exec-3] error generated
2020-01-04 10:19:47,933 INFO net.blog.post.controller.PostsController [http-nio-8080-exec-3] search executed
2020-01-04 10:19:47,933 TRACE net.blog.post.controller.PostsController [http-nio-8080-exec-3] search trace
2020-01-04 10:20:08,257 DEBUG net.blog.post.controller.PostsController [http-nio-8080-exec-6] debug info
2020-01-04 10:20:08,257 INFO net.blog.post.controller.PostsController [http-nio-8080-exec-6] insert in home
2020-01-04 10:20:10,251 ERROR net.blog.post.controller.PostsController [http-nio-8080-exec-7] error generated
2020-01-04 10:20:10,252 INFO net.blog.post.controller.PostsController [http-nio-8080-exec-7] search executed
2020-01-04 10:20:10,252 TRACE net.blog.post.controller.PostsController [http-nio-8080-exec-7] search trace
2020-01-04 10:20:27,675 DEBUG net.blog.post.controller.PostsController [http-nio-8080-exec-9] debug info
2020-01-04 10:20:27,675 INFO net.blog.post.controller.PostsController [http-nio-8080-exec-9] insert in home
2020-01-04 10:20:29,407 ERROR net.blog.post.controller.PostsController [http-nio-8080-exec-10] error generated
2020-01-04 10:20:29,408 INFO net.blog.post.controller.PostsController [http-nio-8080-exec-10] search executed
2020-01-04 10:20:29,408 TRACE net.blog.post.controller.PostsController [http-nio-8080-exec-10] search trace
2020-01-04 10:20:33,011 ERROR net.blog.post.controller.PostsController [http-nio-8080-exec-1] error generated
2020-01-04 10:20:33,011 INFO net.blog.post.controller.PostsController [http-nio-8080-exec-1] search executed
2020-01-04 10:20:33,012 TRACE net.blog.post.controller.PostsController [http-nio-8080-exec-1] search trace
2020-01-04 10:20:35,077 DEBUG net.blog.post.controller.PostsController [http-nio-8080-exec-2] debug info
2020-01-04 10:20:35,081 INFO net.blog.post.controller.PostsController [http-nio-8080-exec-2] insert in home
2020-01-04 10:20:36,861 ERROR net.blog.post.controller.PostsController [http-nio-8080-exec-3] error generated
2020-01-04 10:20:36,862 INFO net.blog.post.controller.PostsController [http-nio-8080-exec-3] search executed
2020-01-04 10:20:36,863 TRACE net.blog.post.controller.PostsController [http-nio-8080-exec-3] search trace
2020-01-04 10:20:50,267 DEBUG net.blog.post.controller.PostsController [http-nio-8080-exec-5] debug info
2020-01-04 10:20:50,268 INFO net.blog.post.controller.PostsController [http-nio-8080-exec-5] insert in home
2020-01-04 10:20:56,046 ERROR net.blog.post.controller.PostsController [http-nio-8080-exec-6] error generated
2020-01-04 10:20:56,048 INFO net.blog.post.controller.PostsController [http-nio-8080-exec-6] search executed
2020-01-04 10:20:56,048 TRACE net.blog.post.controller.PostsController [http-nio-8080-exec-6] search trace
2020-01-04 11:31:47,665 INFO org.springframework.boot.StartupInfoLogger [main] Starting BlogApp on shiw-Vostro-3478 with PID 10135 (/home/shiw/IdeaProjects/demoBlog**/target/classes started by shiw in /home/shiw/IdeaProjects/demoBlog**)
2020-01-04 11:31:47,700 DEBUG org.springframework.boot.StartupInfoLogger [main] Running with Spring Boot v2.2.2.RELEASE, Spring v5.2.2.RELEASE
2020-01-04 11:31:47,701 INFO org.springframework.boot.SpringApplication [main] No active profile set, falling back to default profiles: default
2020-01-04 11:31:58,174 INFO org.springframework.boot.StartupInfoLogger [main] Started BlogApp in 13.157 seconds (JVM running for 17.399)
2020-01-04 11:32:21,461 DEBUG net.blog.post.controller.PostsController [http-nio-8080-exec-1] debug info
2020-01-04 11:32:21,464 INFO net.blog.post.controller.PostsController [http-nio-8080-exec-1] insert in home
2020-01-04 11:34:58,186 INFO org.springframework.boot.StartupInfoLogger [main] Starting BlogApp on shiw-Vostro-3478 with PID 10420 (/home/shiw/IdeaProjects/demoBlog**/target/classes started by shiw in /home/shiw/IdeaProjects/demoBlog**)
2020-01-04 11:34:58,193 DEBUG org.springframework.boot.StartupInfoLogger [main] Running with Spring Boot v2.2.2.RELEASE, Spring v5.2.2.RELEASE
2020-01-04 11:34:58,195 INFO org.springframework.boot.SpringApplication [main] No active profile set, falling back to default profiles: default
2020-01-04 11:35:05,026 INFO org.springframework.boot.StartupInfoLogger [main] Started BlogApp in 8.338 seconds (JVM running for 10.497)
2020-01-04 11:35:21,038 DEBUG net.blog.post.controller.PostsController [http-nio-8080-exec-1] debug info
2020-01-04 11:35:21,039 INFO net.blog.post.controller.PostsController [http-nio-8080-exec-1] insert in home
2020-01-04 11:38:40,472 INFO org.springframework.boot.StartupInfoLogger [main] Starting BlogApp on shiw-Vostro-3478 with PID 10902 (/home/shiw/IdeaProjects/demoBlog**/target/classes started by shiw in /home/shiw/IdeaProjects/demoBlog**)
2020-01-04 11:38:40,474 DEBUG org.springframework.boot.StartupInfoLogger [main] Running with Spring Boot v2.2.2.RELEASE, Spring v5.2.2.RELEASE
2020-01-04 11:38:40,476 INFO org.springframework.boot.SpringApplication [main] No active profile set, falling back to default profiles: default
2020-01-04 11:38:45,738 INFO org.springframework.boot.StartupInfoLogger [main] Started BlogApp in 5.84 seconds (JVM running for 6.383)
2020-01-04 11:38:53,251 DEBUG net.blog.post.controller.PostsController [http-nio-8080-exec-1] debug info
2020-01-04 11:38:53,254 INFO net.blog.post.controller.PostsController [http-nio-8080-exec-1] insert in home
2020-01-04 11:41:15,470 INFO org.springframework.boot.StartupInfoLogger [main] Starting BlogApp on shiw-Vostro-3478 with PID 11096 (/home/shiw/IdeaProjects/demoBlog**/target/classes started by shiw in /home/shiw/IdeaProjects/demoBlog**)
2020-01-04 11:41:15,471 DEBUG org.springframework.boot.StartupInfoLogger [main] Running with Spring Boot v2.2.2.RELEASE, Spring v5.2.2.RELEASE
2020-01-04 11:41:15,472 INFO org.springframework.boot.SpringApplication [main] No active profile set, falling back to default profiles: default
2020-01-04 11:41:20,187 INFO org.springframework.boot.StartupInfoLogger [main] Started BlogApp in 5.015 seconds (JVM running for 5.632)
2020-01-04 11:41:30,330 DEBUG net.blog.post.controller.PostsController [http-nio-8080-exec-2] debug info
2020-01-04 11:41:30,331 INFO net.blog.post.controller.PostsController [http-nio-8080-exec-2] insert in home
2020-01-04 11:42:13,422 INFO org.springframework.boot.StartupInfoLogger [main] Starting BlogApp on shiw-Vostro-3478 with PID 11240 (/home/shiw/IdeaProjects/demoBlog**/target/classes started by shiw in /home/shiw/IdeaProjects/demoBlog**)
2020-01-04 11:42:13,424 DEBUG org.springframework.boot.StartupInfoLogger [main] Running with Spring Boot v2.2.2.RELEASE, Spring v5.2.2.RELEASE
2020-01-04 11:42:13,424 INFO org.springframework.boot.SpringApplication [main] No active profile set, falling back to default profiles: default
2020-01-04 11:42:16,083 INFO org.springframework.boot.StartupInfoLogger [main] Started BlogApp in 3.003 seconds (JVM running for 3.497)
2020-01-04 11:43:01,659 INFO org.springframework.boot.StartupInfoLogger [main] Starting BlogApp on shiw-Vostro-3478 with PID 11366 (/home/shiw/IdeaProjects/demoBlog**/target/classes started by shiw in /home/shiw/IdeaProjects/demoBlog**)
2020-01-04 11:43:01,661 DEBUG org.springframework.boot.StartupInfoLogger [main] Running with Spring Boot v2.2.2.RELEASE, Spring v5.2.2.RELEASE
2020-01-04 11:43:01,662 INFO org.springframework.boot.SpringApplication [main] No active profile set, falling back to default profiles: default
2020-01-04 11:43:04,451 INFO org.springframework.boot.StartupInfoLogger [main] Started BlogApp in 3.114 seconds (JVM running for 3.615)
2020-01-04 11:45:52,417 INFO org.springframework.boot.StartupInfoLogger [main] Starting BlogApp on shiw-Vostro-3478 with PID 11545 (/home/shiw/IdeaProjects/demoBlog**/target/classes started by shiw in /home/shiw/IdeaProjects/demoBlog**)
2020-01-04 11:45:52,419 DEBUG org.springframework.boot.StartupInfoLogger [main] Running with Spring Boot v2.2.2.RELEASE, Spring v5.2.2.RELEASE
2020-01-04 11:45:52,420 INFO org.springframework.boot.SpringApplication [main] No active profile set, falling back to default profiles: default
2020-01-04 11:45:55,325 INFO org.springframework.boot.StartupInfoLogger [main] Started BlogApp in 3.29 seconds (JVM running for 3.777)
2020-01-04 11:48:35,528 INFO org.springframework.boot.StartupInfoLogger [main] Starting BlogApp on shiw-Vostro-3478 with PID 11723 (/home/shiw/IdeaProjects/demoBlog**/target/classes started by shiw in /home/shiw/IdeaProjects/demoBlog**)
2020-01-04 11:48:35,529 DEBUG org.springframework.boot.StartupInfoLogger [main] Running with Spring Boot v2.2.2.RELEASE, Spring v5.2.2.RELEASE
2020-01-04 11:48:35,529 INFO org.springframework.boot.SpringApplication [main] No active profile set, falling back to default profiles: default
2020-01-04 11:48:38,573 INFO org.springframework.boot.StartupInfoLogger [main] Started BlogApp in 4.93 seconds (JVM running for 13.021)
2020-01-04 11:49:01,888 INFO org.springframework.boot.StartupInfoLogger [main] Starting BlogApp on shiw-Vostro-3478 with PID 11880 (/home/shiw/IdeaProjects/demoBlog**/target/classes started by shiw in /home/shiw/IdeaProjects/demoBlog**)
2020-01-04 11:49:01,889 DEBUG org.springframework.boot.StartupInfoLogger [main] Running with Spring Boot v2.2.2.RELEASE, Spring v5.2.2.RELEASE
2020-01-04 11:49:01,889 INFO org.springframework.boot.SpringApplication [main] No active profile set, falling back to default profiles: default
2020-01-04 11:49:04,593 INFO org.springframework.boot.StartupInfoLogger [main] Started BlogApp in 3.022 seconds (JVM running for 3.495)
2020-01-04 11:49:27,518 INFO org.springframework.boot.StartupInfoLogger [main] Starting BlogApp on shiw-Vostro-3478 with PID 12005 (/home/shiw/IdeaProjects/demoBlog**/target/classes started by shiw in /home/shiw/IdeaProjects/demoBlog**)
2020-01-04 11:49:27,519 DEBUG org.springframework.boot.StartupInfoLogger [main] Running with Spring Boot v2.2.2.RELEASE, Spring v5.2.2.RELEASE
2020-01-04 11:49:27,520 INFO org.springframework.boot.SpringApplication [main] No active profile set, falling back to default profiles: default
2020-01-04 11:49:30,213 INFO org.springframework.boot.StartupInfoLogger [main] Started BlogApp in 3.058 seconds (JVM running for 3.574)
2020-01-04 11:49:51,481 DEBUG net.blog.post.controller.PostsController [http-nio-8080-exec-2] debug info
2020-01-04 11:49:51,482 INFO net.blog.post.controller.PostsController [http-nio-8080-exec-2] insert in home
2020-01-04 12:07:56,280 INFO org.springframework.boot.StartupInfoLogger [main] Starting BlogApp on shiw-Vostro-3478 with PID 13241 (/home/shiw/IdeaProjects/demoBlog**/target/classes started by shiw in /home/shiw/IdeaProjects/demoBlog**)
2020-01-04 12:07:56,358 DEBUG org.springframework.boot.StartupInfoLogger [main] Running with Spring Boot v2.2.2.RELEASE, Spring v5.2.2.RELEASE
2020-01-04 12:07:56,358 INFO org.springframework.boot.SpringApplication [main] No active profile set, falling back to default profiles: default
2020-01-04 12:08:03,984 INFO org.springframework.boot.StartupInfoLogger [main] Started BlogApp in 10.423 seconds (JVM running for 14.688)
2020-01-04 12:08:38,923 DEBUG net.blog.post.controller.PostsController [http-nio-8080-exec-1] debug info
2020-01-04 12:08:38,924 INFO net.blog.post.controller.PostsController [http-nio-8080-exec-1] insert in home
2020-01-04 12:09:02,011 DEBUG net.blog.post.controller.PostsController [http-nio-8080-exec-2] debug info
2020-01-04 12:09:02,011 INFO net.blog.post.controller.PostsController [http-nio-8080-exec-2] insert in home
2020-01-04 12:09:16,706 DEBUG net.blog.post.controller.PostsController [http-nio-8080-exec-5] debug info
2020-01-04 12:09:16,706 INFO net.blog.post.controller.PostsController [http-nio-8080-exec-5] insert in home
2020-01-04 12:09:45,846 DEBUG net.blog.post.controller.PostsController [http-nio-8080-exec-9] debug info
2020-01-04 12:09:45,847 INFO net.blog.post.controller.PostsController [http-nio-8080-exec-9] insert in home
2020-01-04 12:12:22,606 ERROR net.blog.post.controller.PostsController [http-nio-8080-exec-7] error generated
2020-01-04 12:12:22,679 INFO net.blog.post.controller.PostsController [http-nio-8080-exec-7] search executed
2020-01-04 12:12:22,680 TRACE net.blog.post.controller.PostsController [http-nio-8080-exec-7] search trace
2020-01-04 12:12:35,423 ERROR net.blog.post.controller.PostsController [http-nio-8080-exec-9] error generated
2020-01-04 12:12:35,425 INFO net.blog.post.controller.PostsController [http-nio-8080-exec-9] search executed
2020-01-04 12:12:35,426 TRACE net.blog.post.controller.PostsController [http-nio-8080-exec-9] search trace
2020-01-04 12:13:05,217 ERROR net.blog.post.controller.PostsController [http-nio-8080-exec-1] error generated
2020-01-04 12:13:05,217 INFO net.blog.post.controller.PostsController [http-nio-8080-exec-1] search executed
2020-01-04 12:13:05,218 TRACE net.blog.post.controller.PostsController [http-nio-8080-exec-1] search trace
2020-01-04 12:13:25,518 ERROR net.blog.post.controller.PostsController [http-nio-8080-exec-3] error generated
2020-01-04 12:13:25,518 INFO net.blog.post.controller.PostsController [http-nio-8080-exec-3] search executed
2020-01-04 12:13:25,518 TRACE net.blog.post.controller.PostsController [http-nio-8080-exec-3] search trace
2020-01-04 12:13:58,192 DEBUG net.blog.post.controller.PostsController [http-nio-8080-exec-5] debug info
2020-01-04 12:13:58,193 INFO net.blog.post.controller.PostsController [http-nio-8080-exec-5] insert in home
2020-01-04 12:17:00,778 ERROR net.blog.post.controller.PostsController [http-nio-8080-exec-7] error generated
2020-01-04 12:17:00,844 INFO net.blog.post.controller.PostsController [http-nio-8080-exec-7] search executed
2020-01-04 12:17:00,845 TRACE net.blog.post.controller.PostsController [http-nio-8080-exec-7] search trace
2020-01-04 12:18:14,248 INFO org.springframework.boot.StartupInfoLogger [main] Starting BlogApp on shiw-Vostro-3478 with PID 13576 (/home/shiw/IdeaProjects/demoBlog**/target/classes started by shiw in /home/shiw/IdeaProjects/demoBlog**)
2020-01-04 12:18:14,249 DEBUG org.springframework.boot.StartupInfoLogger [main] Running with Spring Boot v2.2.2.RELEASE, Spring v5.2.2.RELEASE
2020-01-04 12:18:14,250 INFO org.springframework.boot.SpringApplication [main] No active profile set, falling back to default profiles: default
2020-01-04 12:18:19,667 INFO org.springframework.boot.StartupInfoLogger [main] Started BlogApp in 6.541 seconds (JVM running for 9.322)
2020-01-04 12:18:39,060 DEBUG net.blog.post.controller.PostsController [http-nio-8080-exec-1] debug info
2020-01-04 12:18:39,063 INFO net.blog.post.controller.PostsController [http-nio-8080-exec-1] insert in home
2020-01-04 12:18:47,771 ERROR net.blog.post.controller.PostsController [http-nio-8080-exec-2] error generated
2020-01-04 12:18:47,837 INFO net.blog.post.controller.PostsController [http-nio-8080-exec-2] search executed
2020-01-04 12:18:47,839 TRACE net.blog.post.controller.PostsController [http-nio-8080-exec-2] search trace
2020-01-04 12:18:54,182 ERROR net.blog.post.controller.PostsController [http-nio-8080-exec-3] error generated
2020-01-04 12:18:54,184 INFO net.blog.post.controller.PostsController [http-nio-8080-exec-3] search executed
2020-01-04 12:18:54,185 TRACE net.blog.post.controller.PostsController [http-nio-8080-exec-3] search trace
2020-01-04 12:18:59,146 DEBUG net.blog.post.controller.PostsController [http-nio-8080-exec-4] debug info
2020-01-04 12:18:59,147 INFO net.blog.post.controller.PostsController [http-nio-8080-exec-4] insert in home
2020-01-04 12:19:06,979 ERROR net.blog.post.controller.PostsController [http-nio-8080-exec-5] error generated
2020-01-04 12:19:06,980 INFO net.blog.post.controller.PostsController [http-nio-8080-exec-5] search executed
2020-01-04 12:19:06,980 TRACE net.blog.post.controller.PostsController [http-nio-8080-exec-5] search trace
2020-01-04 12:19:12,134 ERROR net.blog.post.controller.PostsController [http-nio-8080-exec-6] error generated
2020-01-04 12:19:12,135 INFO net.blog.post.controller.PostsController [http-nio-8080-exec-6] search executed
2020-01-04 12:19:12,136 TRACE net.blog.post.controller.PostsController [http-nio-8080-exec-6] search trace
2020-01-04 12:19:17,128 DEBUG net.blog.post.controller.PostsController [http-nio-8080-exec-7] debug info
2020-01-04 12:19:17,128 INFO net.blog.post.controller.PostsController [http-nio-8080-exec-7] insert in home
2020-01-04 12:19:26,188 ERROR net.blog.post.controller.PostsController [http-nio-8080-exec-9] error generated
2020-01-04 12:19:26,189 INFO net.blog.post.controller.PostsController [http-nio-8080-exec-9] search executed
2020-01-04 12:19:26,190 TRACE net.blog.post.controller.PostsController [http-nio-8080-exec-9] search trace
2020-01-04 12:23:13,563 INFO org.springframework.boot.StartupInfoLogger [main] Starting BlogApp on shiw-Vostro-3478 with PID 13829 (/home/shiw/IdeaProjects/demoBlog**/target/classes started by shiw in /home/shiw/IdeaProjects/demoBlog**)
2020-01-04 12:23:13,564 DEBUG org.springframework.boot.StartupInfoLogger [main] Running with Spring Boot v2.2.2.RELEASE, Spring v5.2.2.RELEASE
2020-01-04 12:23:13,565 INFO org.springframework.boot.SpringApplication [main] No active profile set, falling back to default profiles: default
2020-01-04 12:23:19,070 INFO org.springframework.boot.StartupInfoLogger [main] Started BlogApp in 6.992 seconds (JVM running for 9.423)
2020-01-04 12:23:32,160 DEBUG net.blog.post.controller.PostsController [http-nio-8080-exec-1] debug info
2020-01-04 12:23:32,161 INFO net.blog.post.controller.PostsController [http-nio-8080-exec-1] insert in home
2020-01-04 12:23:51,956 ERROR net.blog.post.controller.PostsController [http-nio-8080-exec-5] error generated
2020-01-04 12:23:51,957 INFO net.blog.post.controller.PostsController [http-nio-8080-exec-5] search executed
2020-01-04 12:23:51,957 TRACE net.blog.post.controller.PostsController [http-nio-8080-exec-5] search trace
2020-01-04 12:24:39,769 INFO org.springframework.boot.StartupInfoLogger [main] Starting BlogApp on shiw-Vostro-3478 with PID 14019 (/home/shiw/IdeaProjects/demoBlog**/target/classes started by shiw in /home/shiw/IdeaProjects/demoBlog**)
2020-01-04 12:24:39,770 DEBUG org.springframework.boot.StartupInfoLogger [main] Running with Spring Boot v2.2.2.RELEASE, Spring v5.2.2.RELEASE
2020-01-04 12:24:39,770 INFO org.springframework.boot.SpringApplication [main] No active profile set, falling back to default profiles: default
2020-01-04 12:24:42,498 INFO org.springframework.boot.StartupInfoLogger [main] Started BlogApp in 3.088 seconds (JVM running for 3.654)
2020-01-04 12:24:49,109 DEBUG net.blog.post.controller.PostsController [http-nio-8080-exec-1] debug info
2020-01-04 12:24:49,110 INFO net.blog.post.controller.PostsController [http-nio-8080-exec-1] insert in home
2020-01-04 12:25:13,060 ERROR net.blog.post.controller.PostsController [http-nio-8080-exec-5] error generated
2020-01-04 12:25:13,061 INFO net.blog.post.controller.PostsController [http-nio-8080-exec-5] search executed
2020-01-04 12:25:13,061 TRACE net.blog.post.controller.PostsController [http-nio-8080-exec-5] search trace
